2014/06/16 18:18:24 [error] [php] Array to string conversion (/var/www/html/yii/framework/zii/widgets/CMenu.php:209)
Stack trace:
#0 /var/www/html/yii/framework/zii/widgets/CMenu.php(167): CMenu->renderMenu()
#1 /var/www/html/yii/framework/web/CBaseController.php(173): CMenu->run()
#2 /var/www/html/DiogoProgramacao/InterativaCPII/protected/views/layouts/main.php(45): SiteController->widget()
#3 /var/www/html/yii/framework/web/CBaseController.php(126): require()
#4 /var/www/html/yii/framework/web/CBaseController.php(95): SiteController->renderInternal()
#5 /var/www/html/yii/framework/web/widgets/CContentDecorator.php(76): SiteController->renderFile()
#6 /var/www/html/yii/framework/web/widgets/CContentDecorator.php(54): CContentDecorator->decorate()
#7 /var/www/html/yii/framework/web/widgets/COutputProcessor.php(44): CContentDecorator->processOutput()
#8 /var/www/html/yii/framework/web/CBaseController.php(206): CContentDecorator->run()
#9 /var/www/html/yii/framework/web/CBaseController.php(300): SiteController->endWidget()
#10 /var/www/html/DiogoProgramacao/InterativaCPII/protected/views/layouts/column1.php(6): SiteController->endContent()
#11 /var/www/html/yii/framework/web/CBaseController.php(126): require()
#12 /var/www/html/yii/framework/web/CBaseController.php(95): SiteController->renderInternal()
#13 /var/www/html/yii/framework/web/CController.php(784): SiteController->renderFile()
#14 /var/www/html/DiogoProgramacao/InterativaCPII/protected/controllers/SiteController.php(32): SiteController->render()
#15 /var/www/html/yii/framework/web/actions/CInlineAction.php(49): SiteController->actionIndex()
#16 /var/www/html/yii/framework/web/CController.php(308): CInlineAction->runWithParams()
#17 /var/www/html/yii/framework/web/CController.php(286): SiteController->runAction()
#18 /var/www/html/yii/framework/web/CController.php(265): SiteController->runActionWithFilters()
#19 /var/www/html/yii/framework/web/CWebApplication.php(282): SiteController->run()
#20 /var/www/html/yii/framework/web/CWebApplication.php(141): CWebApplication->runController()
#21 /var/www/html/yii/framework/base/CApplication.php(180): CWebApplication->processRequest()
#22 /var/www/html/DiogoProgramacao/InterativaCPII/index.php(13): CWebApplication->run()
REQUEST_URI=/DiogoProgramacao/InterativaCPII/index.php?r=site/index
in /var/www/html/DiogoProgramacao/InterativaCPII/protected/views/layouts/main.php (45)
in /var/www/html/DiogoProgramacao/InterativaCPII/protected/views/layouts/column1.php (6)
in /var/www/html/DiogoProgramacao/InterativaCPII/protected/controllers/SiteController.php (32)
2014/06/16 18:36:59 [error] [exception.CException] exception 'CException' with message 'CAssetManager.basePath "/var/www/html/DiogoProgramacao/InterativaCPII/assets" is invalid. Please make sure the directory exists and is writable by the Web server process.' in /var/www/html/yii/framework/web/CAssetManager.php:138
Stack trace:
#0 /var/www/html/yii/framework/web/CAssetManager.php(123): CAssetManager->setBasePath('/var/www/html/D...')
#1 /var/www/html/yii/framework/web/CAssetManager.php(217): CAssetManager->getBasePath()
#2 /var/www/html/yii/framework/web/CClientScript.php(510): CAssetManager->publish('/var/www/html/y...')
#3 /var/www/html/yii/framework/web/CClientScript.php(547): CClientScript->getCoreScriptUrl()
#4 /var/www/html/yii/framework/web/CClientScript.php(348): CClientScript->getPackageBaseUrl('jquery')
#5 /var/www/html/yii/framework/web/CClientScript.php(208): CClientScript->renderCoreScripts()
#6 /var/www/html/yii/framework/web/CController.php(351): CClientScript->render('<!DOCTYPE html ...')
#7 /var/www/html/yii/framework/web/CController.php(788): CController->processOutput('<!DOCTYPE html ...')
#8 /var/www/html/DiogoProgramacao/InterativaCPII/protected/controllers/SiteController.php(72): CController->render('contact', Array)
#9 /var/www/html/yii/framework/web/actions/CInlineAction.php(49): SiteController->actionContact()
#10 /var/www/html/yii/framework/web/CController.php(308): CInlineAction->runWithParams(Array)
#11 /var/www/html/yii/framework/web/CController.php(286): CController->runAction(Object(CInlineAction))
#12 /var/www/html/yii/framework/web/CController.php(265): CController->runActionWithFilters(Object(CInlineAction), Array)
#13 /var/www/html/yii/framework/web/CWebApplication.php(282): CController->run('contact')
#14 /var/www/html/yii/framework/web/CWebApplication.php(141): CWebApplication->runController('site/contact')
#15 /var/www/html/yii/framework/base/CApplication.php(180): CWebApplication->processRequest()
#16 /var/www/html/DiogoProgramacao/InterativaCPII/index.php(13): CApplication->run()
#17 {main}
REQUEST_URI=/DiogoProgramacao/InterativaCPII/index.php/site/contact
HTTP_REFERER=http://localhost/DiogoProgramacao/InterativaCPII/index.php/site/page?view=about
---
2014/06/16 18:37:20 [error] [exception.CException] exception 'CException' with message 'CAssetManager.basePath "/var/www/html/DiogoProgramacao/InterativaCPII/assets" is invalid. Please make sure the directory exists and is writable by the Web server process.' in /var/www/html/yii/framework/web/CAssetManager.php:138
Stack trace:
#0 /var/www/html/yii/framework/web/CAssetManager.php(123): CAssetManager->setBasePath('/var/www/html/D...')
#1 /var/www/html/yii/framework/web/CAssetManager.php(217): CAssetManager->getBasePath()
#2 /var/www/html/yii/framework/web/CClientScript.php(510): CAssetManager->publish('/var/www/html/y...')
#3 /var/www/html/yii/framework/web/CClientScript.php(547): CClientScript->getCoreScriptUrl()
#4 /var/www/html/yii/framework/web/CClientScript.php(348): CClientScript->getPackageBaseUrl('jquery')
#5 /var/www/html/yii/framework/web/CClientScript.php(208): CClientScript->renderCoreScripts()
#6 /var/www/html/yii/framework/web/CController.php(351): CClientScript->render('<!DOCTYPE html ...')
#7 /var/www/html/yii/framework/web/CController.php(788): CController->processOutput('<!DOCTYPE html ...')
#8 /var/www/html/DiogoProgramacao/InterativaCPII/protected/controllers/SiteController.php(72): CController->render('contact', Array)
#9 /var/www/html/yii/framework/web/actions/CInlineAction.php(49): SiteController->actionContact()
#10 /var/www/html/yii/framework/web/CController.php(308): CInlineAction->runWithParams(Array)
#11 /var/www/html/yii/framework/web/CController.php(286): CController->runAction(Object(CInlineAction))
#12 /var/www/html/yii/framework/web/CController.php(265): CController->runActionWithFilters(Object(CInlineAction), Array)
#13 /var/www/html/yii/framework/web/CWebApplication.php(282): CController->run('contact')
#14 /var/www/html/yii/framework/web/CWebApplication.php(141): CWebApplication->runController('site/contact')
#15 /var/www/html/yii/framework/base/CApplication.php(180): CWebApplication->processRequest()
#16 /var/www/html/DiogoProgramacao/InterativaCPII/index.php(13): CApplication->run()
#17 {main}
REQUEST_URI=/DiogoProgramacao/InterativaCPII/index.php/site/contact
---
2014/06/16 18:37:21 [error] [exception.CException] exception 'CException' with message 'CAssetManager.basePath "/var/www/html/DiogoProgramacao/InterativaCPII/assets" is invalid. Please make sure the directory exists and is writable by the Web server process.' in /var/www/html/yii/framework/web/CAssetManager.php:138
Stack trace:
#0 /var/www/html/yii/framework/web/CAssetManager.php(123): CAssetManager->setBasePath('/var/www/html/D...')
#1 /var/www/html/yii/framework/web/CAssetManager.php(217): CAssetManager->getBasePath()
#2 /var/www/html/yii/framework/web/CClientScript.php(510): CAssetManager->publish('/var/www/html/y...')
#3 /var/www/html/yii/framework/web/CClientScript.php(547): CClientScript->getCoreScriptUrl()
#4 /var/www/html/yii/framework/web/CClientScript.php(348): CClientScript->getPackageBaseUrl('jquery')
#5 /var/www/html/yii/framework/web/CClientScript.php(208): CClientScript->renderCoreScripts()
#6 /var/www/html/yii/framework/web/CController.php(351): CClientScript->render('<!DOCTYPE html ...')
#7 /var/www/html/yii/framework/web/CController.php(788): CController->processOutput('<!DOCTYPE html ...')
#8 /var/www/html/DiogoProgramacao/InterativaCPII/protected/controllers/SiteController.php(72): CController->render('contact', Array)
#9 /var/www/html/yii/framework/web/actions/CInlineAction.php(49): SiteController->actionContact()
#10 /var/www/html/yii/framework/web/CController.php(308): CInlineAction->runWithParams(Array)
#11 /var/www/html/yii/framework/web/CController.php(286): CController->runAction(Object(CInlineAction))
#12 /var/www/html/yii/framework/web/CController.php(265): CController->runActionWithFilters(Object(CInlineAction), Array)
#13 /var/www/html/yii/framework/web/CWebApplication.php(282): CController->run('contact')
#14 /var/www/html/yii/framework/web/CWebApplication.php(141): CWebApplication->runController('site/contact')
#15 /var/www/html/yii/framework/base/CApplication.php(180): CWebApplication->processRequest()
#16 /var/www/html/DiogoProgramacao/InterativaCPII/index.php(13): CApplication->run()
#17 {main}
REQUEST_URI=/DiogoProgramacao/InterativaCPII/index.php/site/contact
---
2014/06/16 23:11:43 [error] [exception.CException] exception 'CException' with message 'CAssetManager.basePath "/var/www/html/DiogoProgramacao/InterativaCPII/assets" is invalid. Please make sure the directory exists and is writable by the Web server process.' in /var/www/html/yii/framework/web/CAssetManager.php:138
Stack trace:
#0 /var/www/html/yii/framework/web/CAssetManager.php(123): CAssetManager->setBasePath('/var/www/html/D...')
#1 /var/www/html/yii/framework/web/CAssetManager.php(217): CAssetManager->getBasePath()
#2 /var/www/html/yii/framework/gii/GiiModule.php(143): CAssetManager->publish('/var/www/html/y...')
#3 /var/www/html/yii/framework/base/CComponent.php(111): GiiModule->getAssetsUrl()
#4 /var/www/html/yii/framework/base/CModule.php(105): CComponent->__get('assetsUrl')
#5 /var/www/html/yii/framework/gii/views/layouts/main.php(5): CModule->__get('assetsUrl')
#6 /var/www/html/yii/framework/web/CBaseController.php(126): require('/var/www/html/y...')
#7 /var/www/html/yii/framework/web/CBaseController.php(95): CBaseController->renderInternal('/var/www/html/y...', Array, true)
#8 /var/www/html/yii/framework/web/widgets/CContentDecorator.php(76): CBaseController->renderFile('/var/www/html/y...', Array, true)
#9 /var/www/html/yii/framework/web/widgets/CContentDecorator.php(54): CContentDecorator->decorate('<div class="con...')
#10 /var/www/html/yii/framework/web/widgets/COutputProcessor.php(44): CContentDecorator->processOutput('<div class="con...')
#11 /var/www/html/yii/framework/web/CBaseController.php(206): COutputProcessor->run()
#12 /var/www/html/yii/framework/web/CBaseController.php(300): CBaseController->endWidget('CContentDecorat...')
#13 /var/www/html/yii/framework/gii/views/layouts/column1.php(7): CBaseController->endContent()
#14 /var/www/html/yii/framework/web/CBaseController.php(126): require('/var/www/html/y...')
#15 /var/www/html/yii/framework/web/CBaseController.php(95): CBaseController->renderInternal('/var/www/html/y...', Array, true)
#16 /var/www/html/yii/framework/web/CController.php(784): CBaseController->renderFile('/var/www/html/y...', Array, true)
#17 /var/www/html/yii/framework/gii/controllers/DefaultController.php(47): CController->render('login', Array)
#18 /var/www/html/yii/framework/web/actions/CInlineAction.php(49): DefaultController->actionLogin()
#19 /var/www/html/yii/framework/web/CController.php(308): CInlineAction->runWithParams(Array)
#20 /var/www/html/yii/framework/web/CController.php(286): CController->runAction(Object(CInlineAction))
#21 /var/www/html/yii/framework/web/CController.php(265): CController->runActionWithFilters(Object(CInlineAction), Array)
#22 /var/www/html/yii/framework/web/CWebApplication.php(282): CController->run('login')
#23 /var/www/html/yii/framework/web/CWebApplication.php(141): CWebApplication->runController('gii/default/log...')
#24 /var/www/html/yii/framework/base/CApplication.php(180): CWebApplication->processRequest()
#25 /var/www/html/DiogoProgramacao/InterativaCPII/index.php(13): CApplication->run()
#26 {main}
REQUEST_URI=/DiogoProgramacao/InterativaCPII/index.php/gii/default/login
---
2014/06/16 23:35:39 [error] [system.db.CDbCommand] CDbCommand::execute() failed: SQLSTATE[23000]: Integrity constraint violation: 1452 Cannot add or update a child row: a foreign key constraint fails (`InterativaCPII`.`Post`, CONSTRAINT `fk_Post_id_User_id` FOREIGN KEY (`idUser`) REFERENCES `User` (`id`) ON DELETE CASCADE ON UPDATE CASCADE). The SQL statement executed was: INSERT INTO `Post` (`title`, `message`) VALUES (:yp0, :yp1).
in /var/www/html/DiogoProgramacao/InterativaCPII/protected/controllers/PostController.php (73)
in /var/www/html/DiogoProgramacao/InterativaCPII/index.php (13)
2014/06/16 23:35:39 [error] [exception.CDbException] exception 'CDbException' with message 'CDbCommand failed to execute the SQL statement: SQLSTATE[23000]: Integrity constraint violation: 1452 Cannot add or update a child row: a foreign key constraint fails (`InterativaCPII`.`Post`, CONSTRAINT `fk_Post_id_User_id` FOREIGN KEY (`idUser`) REFERENCES `User` (`id`) ON DELETE CASCADE ON UPDATE CASCADE). The SQL statement executed was: INSERT INTO `Post` (`title`, `message`) VALUES (:yp0, :yp1)' in /var/www/html/yii/framework/db/CDbCommand.php:358
Stack trace:
#0 /var/www/html/yii/framework/db/ar/CActiveRecord.php(1077): CDbCommand->execute()
#1 /var/www/html/yii/framework/db/ar/CActiveRecord.php(806): CActiveRecord->insert(NULL)
#2 /var/www/html/DiogoProgramacao/InterativaCPII/protected/controllers/PostController.php(73): CActiveRecord->save()
#3 /var/www/html/yii/framework/web/actions/CInlineAction.php(49): PostController->actionCreate()
#4 /var/www/html/yii/framework/web/CController.php(308): CInlineAction->runWithParams(Array)
#5 /var/www/html/yii/framework/web/filters/CFilterChain.php(133): CController->runAction(Object(CInlineAction))
#6 /var/www/html/yii/framework/web/filters/CFilter.php(40): CFilterChain->run()
#7 /var/www/html/yii/framework/web/CController.php(1145): CFilter->filter(Object(CFilterChain))
#8 /var/www/html/yii/framework/web/filters/CInlineFilter.php(58): CController->filterAccessControl(Object(CFilterChain))
#9 /var/www/html/yii/framework/web/filters/CFilterChain.php(130): CInlineFilter->filter(Object(CFilterChain))
#10 /var/www/html/yii/framework/web/CController.php(291): CFilterChain->run()
#11 /var/www/html/yii/framework/web/CController.php(265): CController->runActionWithFilters(Object(CInlineAction), Array)
#12 /var/www/html/yii/framework/web/CWebApplication.php(282): CController->run('create')
#13 /var/www/html/yii/framework/web/CWebApplication.php(141): CWebApplication->runController('post/create')
#14 /var/www/html/yii/framework/base/CApplication.php(180): CWebApplication->processRequest()
#15 /var/www/html/DiogoProgramacao/InterativaCPII/index.php(13): CApplication->run()
#16 {main}
REQUEST_URI=/DiogoProgramacao/InterativaCPII/index.php/post/create
HTTP_REFERER=http://localhost/DiogoProgramacao/InterativaCPII/index.php/post/create
---
2014/06/17 18:17:03 [error] [exception.CDbException] exception 'CDbException' with message 'CDbConnection failed to open the DB connection: SQLSTATE[HY000] [1045] Access denied for user 'root'@'localhost' (using password: YES)' in C:\xampp\htdocs\yii\framework\db\CDbConnection.php:382
Stack trace:
#0 C:\xampp\htdocs\yii\framework\db\CDbConnection.php(330): CDbConnection->open()
#1 C:\xampp\htdocs\yii\framework\db\CDbConnection.php(308): CDbConnection->setActive(true)
#2 C:\xampp\htdocs\yii\framework\base\CModule.php(387): CDbConnection->init()
#3 C:\xampp\htdocs\yii\framework\base\CApplication.php(450): CModule->getComponent('db')
#4 C:\xampp\htdocs\yii\framework\db\ar\CActiveRecord.php(634): CApplication->getDb()
#5 C:\xampp\htdocs\yii\framework\db\ar\CActiveRecord.php(667): CActiveRecord->getDbConnection()
#6 C:\xampp\htdocs\yii\framework\db\ar\CActiveRecord.php(1595): CActiveRecord->getCommandBuilder()
#7 C:\xampp\htdocs\yii\framework\web\CActiveDataProvider.php(228): CActiveRecord->count(Object(CDbCriteria))
#8 C:\xampp\htdocs\yii\framework\web\CDataProvider.php(224): CActiveDataProvider->calculateTotalItemCount()
#9 C:\xampp\htdocs\yii\framework\web\CActiveDataProvider.php(178): CDataProvider->getTotalItemCount()
#10 C:\xampp\htdocs\yii\framework\web\CDataProvider.php(168): CActiveDataProvider->fetchData()
#11 C:\xampp\htdocs\yii\framework\zii\widgets\CBaseListView.php(111): CDataProvider->getData()
#12 C:\xampp\htdocs\yii\framework\zii\widgets\CListView.php(211): CBaseListView->init()
#13 C:\xampp\htdocs\yii\framework\web\CBaseController.php(147): CListView->init()
#14 C:\xampp\htdocs\yii\framework\web\CBaseController.php(172): CBaseController->createWidget('zii.widgets.CLi...', Array)
#15 C:\xampp\htdocs\DiogoProgramacao\InterativaCPII\protected\views\post\index.php(18): CBaseController->widget('zii.widgets.CLi...', Array)
#16 C:\xampp\htdocs\yii\framework\web\CBaseController.php(126): require('C:\xampp\htdocs...')
#17 C:\xampp\htdocs\yii\framework\web\CBaseController.php(95): CBaseController->renderInternal('C:\xampp\htdocs...', Array, true)
#18 C:\xampp\htdocs\yii\framework\web\CController.php(869): CBaseController->renderFile('C:\xampp\htdocs...', Array, true)
#19 C:\xampp\htdocs\yii\framework\web\CController.php(782): CController->renderPartial('index', Array, true)
#20 C:\xampp\htdocs\DiogoProgramacao\InterativaCPII\protected\controllers\PostController.php(128): CController->render('index', Array)
#21 C:\xampp\htdocs\yii\framework\web\actions\CInlineAction.php(49): PostController->actionIndex()
#22 C:\xampp\htdocs\yii\framework\web\CController.php(308): CInlineAction->runWithParams(Array)
#23 C:\xampp\htdocs\yii\framework\web\filters\CFilterChain.php(133): CController->runAction(Object(CInlineAction))
#24 C:\xampp\htdocs\yii\framework\web\filters\CFilter.php(40): CFilterChain->run()
#25 C:\xampp\htdocs\yii\framework\web\CController.php(1145): CFilter->filter(Object(CFilterChain))
#26 C:\xampp\htdocs\yii\framework\web\filters\CInlineFilter.php(58): CController->filterAccessControl(Object(CFilterChain))
#27 C:\xampp\htdocs\yii\framework\web\filters\CFilterChain.php(130): CInlineFilter->filter(Object(CFilterChain))
#28 C:\xampp\htdocs\yii\framework\web\CController.php(291): CFilterChain->run()
#29 C:\xampp\htdocs\yii\framework\web\CController.php(265): CController->runActionWithFilters(Object(CInlineAction), Array)
#30 C:\xampp\htdocs\yii\framework\web\CWebApplication.php(282): CController->run('')
#31 C:\xampp\htdocs\yii\framework\web\CWebApplication.php(141): CWebApplication->runController('post')
#32 C:\xampp\htdocs\yii\framework\base\CApplication.php(180): CWebApplication->processRequest()
#33 C:\xampp\htdocs\DiogoProgramacao\InterativaCPII\index.php(13): CApplication->run()
#34 {main}
REQUEST_URI=/DiogoProgramacao/InterativaCPII/index.php/post/
---
2014/06/17 18:24:34 [error] [exception.CDbException] exception 'CDbException' with message 'CDbConnection failed to open the DB connection: SQLSTATE[HY000] [1045] Access denied for user 'root'@'localhost' (using password: YES)' in C:\xampp\htdocs\yii\framework\db\CDbConnection.php:382
Stack trace:
#0 C:\xampp\htdocs\yii\framework\db\CDbConnection.php(330): CDbConnection->open()
#1 C:\xampp\htdocs\yii\framework\db\CDbConnection.php(308): CDbConnection->setActive(true)
#2 C:\xampp\htdocs\yii\framework\base\CModule.php(387): CDbConnection->init()
#3 C:\xampp\htdocs\yii\framework\base\CApplication.php(450): CModule->getComponent('db')
#4 C:\xampp\htdocs\yii\framework\db\ar\CActiveRecord.php(634): CApplication->getDb()
#5 C:\xampp\htdocs\yii\framework\db\ar\CActiveRecord.php(667): CActiveRecord->getDbConnection()
#6 C:\xampp\htdocs\yii\framework\db\ar\CActiveRecord.php(1595): CActiveRecord->getCommandBuilder()
#7 C:\xampp\htdocs\yii\framework\web\CActiveDataProvider.php(228): CActiveRecord->count(Object(CDbCriteria))
#8 C:\xampp\htdocs\yii\framework\web\CDataProvider.php(224): CActiveDataProvider->calculateTotalItemCount()
#9 C:\xampp\htdocs\yii\framework\web\CActiveDataProvider.php(178): CDataProvider->getTotalItemCount()
#10 C:\xampp\htdocs\yii\framework\web\CDataProvider.php(168): CActiveDataProvider->fetchData()
#11 C:\xampp\htdocs\yii\framework\zii\widgets\CBaseListView.php(111): CDataProvider->getData()
#12 C:\xampp\htdocs\yii\framework\zii\widgets\CListView.php(211): CBaseListView->init()
#13 C:\xampp\htdocs\yii\framework\web\CBaseController.php(147): CListView->init()
#14 C:\xampp\htdocs\yii\framework\web\CBaseController.php(172): CBaseController->createWidget('zii.widgets.CLi...', Array)
#15 C:\xampp\htdocs\DiogoProgramacao\InterativaCPII\protected\views\user\index.php(20): CBaseController->widget('zii.widgets.CLi...', Array)
#16 C:\xampp\htdocs\yii\framework\web\CBaseController.php(126): require('C:\xampp\htdocs...')
#17 C:\xampp\htdocs\yii\framework\web\CBaseController.php(95): CBaseController->renderInternal('C:\xampp\htdocs...', Array, true)
#18 C:\xampp\htdocs\yii\framework\web\CController.php(869): CBaseController->renderFile('C:\xampp\htdocs...', Array, true)
#19 C:\xampp\htdocs\yii\framework\web\CController.php(782): CController->renderPartial('index', Array, true)
#20 C:\xampp\htdocs\DiogoProgramacao\InterativaCPII\protected\controllers\UserController.php(128): CController->render('index', Array)
#21 C:\xampp\htdocs\yii\framework\web\actions\CInlineAction.php(49): UserController->actionIndex()
#22 C:\xampp\htdocs\yii\framework\web\CController.php(308): CInlineAction->runWithParams(Array)
#23 C:\xampp\htdocs\yii\framework\web\filters\CFilterChain.php(133): CController->runAction(Object(CInlineAction))
#24 C:\xampp\htdocs\yii\framework\web\filters\CFilter.php(40): CFilterChain->run()
#25 C:\xampp\htdocs\yii\framework\web\CController.php(1145): CFilter->filter(Object(CFilterChain))
#26 C:\xampp\htdocs\yii\framework\web\filters\CInlineFilter.php(58): CController->filterAccessControl(Object(CFilterChain))
#27 C:\xampp\htdocs\yii\framework\web\filters\CFilterChain.php(130): CInlineFilter->filter(Object(CFilterChain))
#28 C:\xampp\htdocs\yii\framework\web\CController.php(291): CFilterChain->run()
#29 C:\xampp\htdocs\yii\framework\web\CController.php(265): CController->runActionWithFilters(Object(CInlineAction), Array)
#30 C:\xampp\htdocs\yii\framework\web\CWebApplication.php(282): CController->run('')
#31 C:\xampp\htdocs\yii\framework\web\CWebApplication.php(141): CWebApplication->runController('user')
#32 C:\xampp\htdocs\yii\framework\base\CApplication.php(180): CWebApplication->processRequest()
#33 C:\xampp\htdocs\DiogoProgramacao\InterativaCPII\index.php(13): CApplication->run()
#34 {main}
REQUEST_URI=/DiogoProgramacao/InterativaCPII/index.php/user/
---
2014/06/17 18:25:44 [error] [exception.CDbException] exception 'CDbException' with message 'CDbConnection failed to open the DB connection: SQLSTATE[HY000] [1045] Access denied for user 'root'@'localhost' (using password: YES)' in C:\xampp\htdocs\yii\framework\db\CDbConnection.php:382
Stack trace:
#0 C:\xampp\htdocs\yii\framework\db\CDbConnection.php(330): CDbConnection->open()
#1 C:\xampp\htdocs\yii\framework\db\CDbConnection.php(308): CDbConnection->setActive(true)
#2 C:\xampp\htdocs\yii\framework\base\CModule.php(387): CDbConnection->init()
#3 C:\xampp\htdocs\yii\framework\base\CApplication.php(450): CModule->getComponent('db')
#4 C:\xampp\htdocs\yii\framework\db\ar\CActiveRecord.php(634): CApplication->getDb()
#5 C:\xampp\htdocs\yii\framework\db\ar\CActiveRecord.php(667): CActiveRecord->getDbConnection()
#6 C:\xampp\htdocs\yii\framework\db\ar\CActiveRecord.php(1595): CActiveRecord->getCommandBuilder()
#7 C:\xampp\htdocs\yii\framework\web\CActiveDataProvider.php(228): CActiveRecord->count(Object(CDbCriteria))
#8 C:\xampp\htdocs\yii\framework\web\CDataProvider.php(224): CActiveDataProvider->calculateTotalItemCount()
#9 C:\xampp\htdocs\yii\framework\web\CActiveDataProvider.php(178): CDataProvider->getTotalItemCount()
#10 C:\xampp\htdocs\yii\framework\web\CDataProvider.php(168): CActiveDataProvider->fetchData()
#11 C:\xampp\htdocs\yii\framework\zii\widgets\CBaseListView.php(111): CDataProvider->getData()
#12 C:\xampp\htdocs\yii\framework\zii\widgets\CListView.php(211): CBaseListView->init()
#13 C:\xampp\htdocs\yii\framework\web\CBaseController.php(147): CListView->init()
#14 C:\xampp\htdocs\yii\framework\web\CBaseController.php(172): CBaseController->createWidget('zii.widgets.CLi...', Array)
#15 C:\xampp\htdocs\DiogoProgramacao\InterativaCPII\protected\views\user\index.php(20): CBaseController->widget('zii.widgets.CLi...', Array)
#16 C:\xampp\htdocs\yii\framework\web\CBaseController.php(126): require('C:\xampp\htdocs...')
#17 C:\xampp\htdocs\yii\framework\web\CBaseController.php(95): CBaseController->renderInternal('C:\xampp\htdocs...', Array, true)
#18 C:\xampp\htdocs\yii\framework\web\CController.php(869): CBaseController->renderFile('C:\xampp\htdocs...', Array, true)
#19 C:\xampp\htdocs\yii\framework\web\CController.php(782): CController->renderPartial('index', Array, true)
#20 C:\xampp\htdocs\DiogoProgramacao\InterativaCPII\protected\controllers\UserController.php(128): CController->render('index', Array)
#21 C:\xampp\htdocs\yii\framework\web\actions\CInlineAction.php(49): UserController->actionIndex()
#22 C:\xampp\htdocs\yii\framework\web\CController.php(308): CInlineAction->runWithParams(Array)
#23 C:\xampp\htdocs\yii\framework\web\filters\CFilterChain.php(133): CController->runAction(Object(CInlineAction))
#24 C:\xampp\htdocs\yii\framework\web\filters\CFilter.php(40): CFilterChain->run()
#25 C:\xampp\htdocs\yii\framework\web\CController.php(1145): CFilter->filter(Object(CFilterChain))
#26 C:\xampp\htdocs\yii\framework\web\filters\CInlineFilter.php(58): CController->filterAccessControl(Object(CFilterChain))
#27 C:\xampp\htdocs\yii\framework\web\filters\CFilterChain.php(130): CInlineFilter->filter(Object(CFilterChain))
#28 C:\xampp\htdocs\yii\framework\web\CController.php(291): CFilterChain->run()
#29 C:\xampp\htdocs\yii\framework\web\CController.php(265): CController->runActionWithFilters(Object(CInlineAction), Array)
#30 C:\xampp\htdocs\yii\framework\web\CWebApplication.php(282): CController->run('')
#31 C:\xampp\htdocs\yii\framework\web\CWebApplication.php(141): CWebApplication->runController('user')
#32 C:\xampp\htdocs\yii\framework\base\CApplication.php(180): CWebApplication->processRequest()
#33 C:\xampp\htdocs\DiogoProgramacao\InterativaCPII\index.php(13): CApplication->run()
#34 {main}
REQUEST_URI=/DiogoProgramacao/InterativaCPII/index.php/user/
---
2014/06/17 18:26:28 [error] [exception.CDbException] exception 'CDbException' with message 'CDbConnection failed to open the DB connection: SQLSTATE[HY000] [1045] Access denied for user 'root'@'localhost' (using password: YES)' in C:\xampp\htdocs\yii\framework\db\CDbConnection.php:382
Stack trace:
#0 C:\xampp\htdocs\yii\framework\db\CDbConnection.php(330): CDbConnection->open()
#1 C:\xampp\htdocs\yii\framework\db\CDbConnection.php(308): CDbConnection->setActive(true)
#2 C:\xampp\htdocs\yii\framework\base\CModule.php(387): CDbConnection->init()
#3 C:\xampp\htdocs\yii\framework\base\CApplication.php(450): CModule->getComponent('db')
#4 C:\xampp\htdocs\yii\framework\db\ar\CActiveRecord.php(634): CApplication->getDb()
#5 C:\xampp\htdocs\yii\framework\db\ar\CActiveRecord.php(667): CActiveRecord->getDbConnection()
#6 C:\xampp\htdocs\yii\framework\db\ar\CActiveRecord.php(1595): CActiveRecord->getCommandBuilder()
#7 C:\xampp\htdocs\yii\framework\web\CActiveDataProvider.php(228): CActiveRecord->count(Object(CDbCriteria))
#8 C:\xampp\htdocs\yii\framework\web\CDataProvider.php(224): CActiveDataProvider->calculateTotalItemCount()
#9 C:\xampp\htdocs\yii\framework\web\CActiveDataProvider.php(178): CDataProvider->getTotalItemCount()
#10 C:\xampp\htdocs\yii\framework\web\CDataProvider.php(168): CActiveDataProvider->fetchData()
#11 C:\xampp\htdocs\yii\framework\zii\widgets\CBaseListView.php(111): CDataProvider->getData()
#12 C:\xampp\htdocs\yii\framework\zii\widgets\CListView.php(211): CBaseListView->init()
#13 C:\xampp\htdocs\yii\framework\web\CBaseController.php(147): CListView->init()
#14 C:\xampp\htdocs\yii\framework\web\CBaseController.php(172): CBaseController->createWidget('zii.widgets.CLi...', Array)
#15 C:\xampp\htdocs\DiogoProgramacao\InterativaCPII\protected\views\user\index.php(20): CBaseController->widget('zii.widgets.CLi...', Array)
#16 C:\xampp\htdocs\yii\framework\web\CBaseController.php(126): require('C:\xampp\htdocs...')
#17 C:\xampp\htdocs\yii\framework\web\CBaseController.php(95): CBaseController->renderInternal('C:\xampp\htdocs...', Array, true)
#18 C:\xampp\htdocs\yii\framework\web\CController.php(869): CBaseController->renderFile('C:\xampp\htdocs...', Array, true)
#19 C:\xampp\htdocs\yii\framework\web\CController.php(782): CController->renderPartial('index', Array, true)
#20 C:\xampp\htdocs\DiogoProgramacao\InterativaCPII\protected\controllers\UserController.php(128): CController->render('index', Array)
#21 C:\xampp\htdocs\yii\framework\web\actions\CInlineAction.php(49): UserController->actionIndex()
#22 C:\xampp\htdocs\yii\framework\web\CController.php(308): CInlineAction->runWithParams(Array)
#23 C:\xampp\htdocs\yii\framework\web\filters\CFilterChain.php(133): CController->runAction(Object(CInlineAction))
#24 C:\xampp\htdocs\yii\framework\web\filters\CFilter.php(40): CFilterChain->run()
#25 C:\xampp\htdocs\yii\framework\web\CController.php(1145): CFilter->filter(Object(CFilterChain))
#26 C:\xampp\htdocs\yii\framework\web\filters\CInlineFilter.php(58): CController->filterAccessControl(Object(CFilterChain))
#27 C:\xampp\htdocs\yii\framework\web\filters\CFilterChain.php(130): CInlineFilter->filter(Object(CFilterChain))
#28 C:\xampp\htdocs\yii\framework\web\CController.php(291): CFilterChain->run()
#29 C:\xampp\htdocs\yii\framework\web\CController.php(265): CController->runActionWithFilters(Object(CInlineAction), Array)
#30 C:\xampp\htdocs\yii\framework\web\CWebApplication.php(282): CController->run('')
#31 C:\xampp\htdocs\yii\framework\web\CWebApplication.php(141): CWebApplication->runController('user')
#32 C:\xampp\htdocs\yii\framework\base\CApplication.php(180): CWebApplication->processRequest()
#33 C:\xampp\htdocs\DiogoProgramacao\InterativaCPII\index.php(13): CApplication->run()
#34 {main}
REQUEST_URI=/DiogoProgramacao/InterativaCPII/index.php/user/
---
2014/06/17 18:27:18 [error] [exception.CDbException] exception 'CDbException' with message 'CDbConnection failed to open the DB connection: SQLSTATE[HY000] [1045] Access denied for user 'root'@'localhost' (using password: YES)' in C:\xampp\htdocs\yii\framework\db\CDbConnection.php:382
Stack trace:
#0 C:\xampp\htdocs\yii\framework\db\CDbConnection.php(330): CDbConnection->open()
#1 C:\xampp\htdocs\yii\framework\db\CDbConnection.php(308): CDbConnection->setActive(true)
#2 C:\xampp\htdocs\yii\framework\base\CModule.php(387): CDbConnection->init()
#3 C:\xampp\htdocs\yii\framework\base\CApplication.php(450): CModule->getComponent('db')
#4 C:\xampp\htdocs\yii\framework\db\ar\CActiveRecord.php(634): CApplication->getDb()
#5 C:\xampp\htdocs\yii\framework\db\ar\CActiveRecord.php(667): CActiveRecord->getDbConnection()
#6 C:\xampp\htdocs\yii\framework\db\ar\CActiveRecord.php(1595): CActiveRecord->getCommandBuilder()
#7 C:\xampp\htdocs\yii\framework\web\CActiveDataProvider.php(228): CActiveRecord->count(Object(CDbCriteria))
#8 C:\xampp\htdocs\yii\framework\web\CDataProvider.php(224): CActiveDataProvider->calculateTotalItemCount()
#9 C:\xampp\htdocs\yii\framework\web\CActiveDataProvider.php(178): CDataProvider->getTotalItemCount()
#10 C:\xampp\htdocs\yii\framework\web\CDataProvider.php(168): CActiveDataProvider->fetchData()
#11 C:\xampp\htdocs\yii\framework\zii\widgets\CBaseListView.php(111): CDataProvider->getData()
#12 C:\xampp\htdocs\yii\framework\zii\widgets\CListView.php(211): CBaseListView->init()
#13 C:\xampp\htdocs\yii\framework\web\CBaseController.php(147): CListView->init()
#14 C:\xampp\htdocs\yii\framework\web\CBaseController.php(172): CBaseController->createWidget('zii.widgets.CLi...', Array)
#15 C:\xampp\htdocs\DiogoProgramacao\InterativaCPII\protected\views\user\index.php(20): CBaseController->widget('zii.widgets.CLi...', Array)
#16 C:\xampp\htdocs\yii\framework\web\CBaseController.php(126): require('C:\xampp\htdocs...')
#17 C:\xampp\htdocs\yii\framework\web\CBaseController.php(95): CBaseController->renderInternal('C:\xampp\htdocs...', Array, true)
#18 C:\xampp\htdocs\yii\framework\web\CController.php(869): CBaseController->renderFile('C:\xampp\htdocs...', Array, true)
#19 C:\xampp\htdocs\yii\framework\web\CController.php(782): CController->renderPartial('index', Array, true)
#20 C:\xampp\htdocs\DiogoProgramacao\InterativaCPII\protected\controllers\UserController.php(128): CController->render('index', Array)
#21 C:\xampp\htdocs\yii\framework\web\actions\CInlineAction.php(49): UserController->actionIndex()
#22 C:\xampp\htdocs\yii\framework\web\CController.php(308): CInlineAction->runWithParams(Array)
#23 C:\xampp\htdocs\yii\framework\web\filters\CFilterChain.php(133): CController->runAction(Object(CInlineAction))
#24 C:\xampp\htdocs\yii\framework\web\filters\CFilter.php(40): CFilterChain->run()
#25 C:\xampp\htdocs\yii\framework\web\CController.php(1145): CFilter->filter(Object(CFilterChain))
#26 C:\xampp\htdocs\yii\framework\web\filters\CInlineFilter.php(58): CController->filterAccessControl(Object(CFilterChain))
#27 C:\xampp\htdocs\yii\framework\web\filters\CFilterChain.php(130): CInlineFilter->filter(Object(CFilterChain))
#28 C:\xampp\htdocs\yii\framework\web\CController.php(291): CFilterChain->run()
#29 C:\xampp\htdocs\yii\framework\web\CController.php(265): CController->runActionWithFilters(Object(CInlineAction), Array)
#30 C:\xampp\htdocs\yii\framework\web\CWebApplication.php(282): CController->run('')
#31 C:\xampp\htdocs\yii\framework\web\CWebApplication.php(141): CWebApplication->runController('user')
#32 C:\xampp\htdocs\yii\framework\base\CApplication.php(180): CWebApplication->processRequest()
#33 C:\xampp\htdocs\DiogoProgramacao\InterativaCPII\index.php(13): CApplication->run()
#34 {main}
REQUEST_URI=/DiogoProgramacao/InterativaCPII/index.php/user/
---
2014/06/17 18:48:53 [error] [exception.CDbException] exception 'CDbException' with message 'CDbConnection failed to open the DB connection: SQLSTATE[HY000] [1045] Access denied for user 'root'@'localhost' (using password: YES)' in C:\xampp\htdocs\yii\framework\db\CDbConnection.php:382
Stack trace:
#0 C:\xampp\htdocs\yii\framework\db\CDbConnection.php(330): CDbConnection->open()
#1 C:\xampp\htdocs\yii\framework\db\CDbConnection.php(308): CDbConnection->setActive(true)
#2 C:\xampp\htdocs\yii\framework\base\CModule.php(387): CDbConnection->init()
#3 C:\xampp\htdocs\yii\framework\base\CApplication.php(450): CModule->getComponent('db')
#4 C:\xampp\htdocs\yii\framework\db\ar\CActiveRecord.php(634): CApplication->getDb()
#5 C:\xampp\htdocs\yii\framework\db\ar\CActiveRecord.php(667): CActiveRecord->getDbConnection()
#6 C:\xampp\htdocs\yii\framework\db\ar\CActiveRecord.php(1595): CActiveRecord->getCommandBuilder()
#7 C:\xampp\htdocs\yii\framework\web\CActiveDataProvider.php(228): CActiveRecord->count(Object(CDbCriteria))
#8 C:\xampp\htdocs\yii\framework\web\CDataProvider.php(224): CActiveDataProvider->calculateTotalItemCount()
#9 C:\xampp\htdocs\yii\framework\web\CActiveDataProvider.php(178): CDataProvider->getTotalItemCount()
#10 C:\xampp\htdocs\yii\framework\web\CDataProvider.php(168): CActiveDataProvider->fetchData()
#11 C:\xampp\htdocs\yii\framework\zii\widgets\CBaseListView.php(111): CDataProvider->getData()
#12 C:\xampp\htdocs\yii\framework\zii\widgets\CListView.php(211): CBaseListView->init()
#13 C:\xampp\htdocs\yii\framework\web\CBaseController.php(147): CListView->init()
#14 C:\xampp\htdocs\yii\framework\web\CBaseController.php(172): CBaseController->createWidget('zii.widgets.CLi...', Array)
#15 C:\xampp\htdocs\DiogoProgramacao\InterativaCPII\protected\views\user\index.php(20): CBaseController->widget('zii.widgets.CLi...', Array)
#16 C:\xampp\htdocs\yii\framework\web\CBaseController.php(126): require('C:\xampp\htdocs...')
#17 C:\xampp\htdocs\yii\framework\web\CBaseController.php(95): CBaseController->renderInternal('C:\xampp\htdocs...', Array, true)
#18 C:\xampp\htdocs\yii\framework\web\CController.php(869): CBaseController->renderFile('C:\xampp\htdocs...', Array, true)
#19 C:\xampp\htdocs\yii\framework\web\CController.php(782): CController->renderPartial('index', Array, true)
#20 C:\xampp\htdocs\DiogoProgramacao\InterativaCPII\protected\controllers\UserController.php(128): CController->render('index', Array)
#21 C:\xampp\htdocs\yii\framework\web\actions\CInlineAction.php(49): UserController->actionIndex()
#22 C:\xampp\htdocs\yii\framework\web\CController.php(308): CInlineAction->runWithParams(Array)
#23 C:\xampp\htdocs\yii\framework\web\filters\CFilterChain.php(133): CController->runAction(Object(CInlineAction))
#24 C:\xampp\htdocs\yii\framework\web\filters\CFilter.php(40): CFilterChain->run()
#25 C:\xampp\htdocs\yii\framework\web\CController.php(1145): CFilter->filter(Object(CFilterChain))
#26 C:\xampp\htdocs\yii\framework\web\filters\CInlineFilter.php(58): CController->filterAccessControl(Object(CFilterChain))
#27 C:\xampp\htdocs\yii\framework\web\filters\CFilterChain.php(130): CInlineFilter->filter(Object(CFilterChain))
#28 C:\xampp\htdocs\yii\framework\web\CController.php(291): CFilterChain->run()
#29 C:\xampp\htdocs\yii\framework\web\CController.php(265): CController->runActionWithFilters(Object(CInlineAction), Array)
#30 C:\xampp\htdocs\yii\framework\web\CWebApplication.php(282): CController->run('')
#31 C:\xampp\htdocs\yii\framework\web\CWebApplication.php(141): CWebApplication->runController('user')
#32 C:\xampp\htdocs\yii\framework\base\CApplication.php(180): CWebApplication->processRequest()
#33 C:\xampp\htdocs\DiogoProgramacao\InterativaCPII\index.php(13): CApplication->run()
#34 {main}
REQUEST_URI=/DiogoProgramacao/InterativaCPII/index.php/user/
---
2014/06/17 21:24:35 [error] [php] Undefined offset: 0 (/var/www/html/DiogoProgramacao/InterativaCPII/protected/controllers/PostController.php:181)
Stack trace:
#0 /var/www/html/yii/framework/web/CController.php(308): CInlineAction->runWithParams()
#1 /var/www/html/yii/framework/web/filters/CFilterChain.php(133): PostController->runAction()
#2 /var/www/html/yii/framework/web/filters/CFilter.php(40): CFilterChain->run()
#3 /var/www/html/yii/framework/web/CController.php(1145): CAccessControlFilter->filter()
#4 /var/www/html/yii/framework/web/filters/CInlineFilter.php(58): PostController->filterAccessControl()
#5 /var/www/html/yii/framework/web/filters/CFilterChain.php(130): CInlineFilter->filter()
#6 /var/www/html/yii/framework/web/CController.php(291): CFilterChain->run()
#7 /var/www/html/yii/framework/web/CController.php(265): PostController->runActionWithFilters()
#8 /var/www/html/yii/framework/web/CWebApplication.php(282): PostController->run()
#9 /var/www/html/yii/framework/web/CWebApplication.php(141): CWebApplication->runController()
#10 /var/www/html/yii/framework/base/CApplication.php(180): CWebApplication->processRequest()
#11 /var/www/html/DiogoProgramacao/InterativaCPII/index.php(13): CWebApplication->run()
REQUEST_URI=/DiogoProgramacao/InterativaCPII/index.php/post/create
in /var/www/html/DiogoProgramacao/InterativaCPII/protected/controllers/PostController.php (181)
in /var/www/html/DiogoProgramacao/InterativaCPII/protected/controllers/PostController.php (67)
in /var/www/html/DiogoProgramacao/InterativaCPII/index.php (13)
2014/06/17 21:26:23 [error] [php] Undefined offset: 0 (/var/www/html/DiogoProgramacao/InterativaCPII/protected/controllers/PostController.php:182)
Stack trace:
#0 /var/www/html/yii/framework/web/CController.php(308): CInlineAction->runWithParams()
#1 /var/www/html/yii/framework/web/filters/CFilterChain.php(133): PostController->runAction()
#2 /var/www/html/yii/framework/web/filters/CFilter.php(40): CFilterChain->run()
#3 /var/www/html/yii/framework/web/CController.php(1145): CAccessControlFilter->filter()
#4 /var/www/html/yii/framework/web/filters/CInlineFilter.php(58): PostController->filterAccessControl()
#5 /var/www/html/yii/framework/web/filters/CFilterChain.php(130): CInlineFilter->filter()
#6 /var/www/html/yii/framework/web/CController.php(291): CFilterChain->run()
#7 /var/www/html/yii/framework/web/CController.php(265): PostController->runActionWithFilters()
#8 /var/www/html/yii/framework/web/CWebApplication.php(282): PostController->run()
#9 /var/www/html/yii/framework/web/CWebApplication.php(141): CWebApplication->runController()
#10 /var/www/html/yii/framework/base/CApplication.php(180): CWebApplication->processRequest()
#11 /var/www/html/DiogoProgramacao/InterativaCPII/index.php(13): CWebApplication->run()
REQUEST_URI=/DiogoProgramacao/InterativaCPII/index.php/post/create
in /var/www/html/DiogoProgramacao/InterativaCPII/protected/controllers/PostController.php (182)
in /var/www/html/DiogoProgramacao/InterativaCPII/protected/controllers/PostController.php (67)
in /var/www/html/DiogoProgramacao/InterativaCPII/index.php (13)
2014/06/17 21:33:37 [error] [php] Undefined offset: 0 (/var/www/html/DiogoProgramacao/InterativaCPII/protected/controllers/PostController.php:183)
Stack trace:
#0 /var/www/html/yii/framework/web/CController.php(308): CInlineAction->runWithParams()
#1 /var/www/html/yii/framework/web/filters/CFilterChain.php(133): PostController->runAction()
#2 /var/www/html/yii/framework/web/filters/CFilter.php(40): CFilterChain->run()
#3 /var/www/html/yii/framework/web/CController.php(1145): CAccessControlFilter->filter()
#4 /var/www/html/yii/framework/web/filters/CInlineFilter.php(58): PostController->filterAccessControl()
#5 /var/www/html/yii/framework/web/filters/CFilterChain.php(130): CInlineFilter->filter()
#6 /var/www/html/yii/framework/web/CController.php(291): CFilterChain->run()
#7 /var/www/html/yii/framework/web/CController.php(265): PostController->runActionWithFilters()
#8 /var/www/html/yii/framework/web/CWebApplication.php(282): PostController->run()
#9 /var/www/html/yii/framework/web/CWebApplication.php(141): CWebApplication->runController()
#10 /var/www/html/yii/framework/base/CApplication.php(180): CWebApplication->processRequest()
#11 /var/www/html/DiogoProgramacao/InterativaCPII/index.php(13): CWebApplication->run()
REQUEST_URI=/DiogoProgramacao/InterativaCPII/index.php/post/create
in /var/www/html/DiogoProgramacao/InterativaCPII/protected/controllers/PostController.php (183)
in /var/www/html/DiogoProgramacao/InterativaCPII/protected/controllers/PostController.php (67)
in /var/www/html/DiogoProgramacao/InterativaCPII/index.php (13)
2014/06/17 23:21:26 [error] [php] Undefined offset: 0 (/var/www/html/DiogoProgramacao/InterativaCPII/protected/controllers/PostController.php:183)
Stack trace:
#0 /var/www/html/yii/framework/web/CController.php(308): CInlineAction->runWithParams()
#1 /var/www/html/yii/framework/web/filters/CFilterChain.php(133): PostController->runAction()
#2 /var/www/html/yii/framework/web/filters/CFilter.php(40): CFilterChain->run()
#3 /var/www/html/yii/framework/web/CController.php(1145): CAccessControlFilter->filter()
#4 /var/www/html/yii/framework/web/filters/CInlineFilter.php(58): PostController->filterAccessControl()
#5 /var/www/html/yii/framework/web/filters/CFilterChain.php(130): CInlineFilter->filter()
#6 /var/www/html/yii/framework/web/CController.php(291): CFilterChain->run()
#7 /var/www/html/yii/framework/web/CController.php(265): PostController->runActionWithFilters()
#8 /var/www/html/yii/framework/web/CWebApplication.php(282): PostController->run()
#9 /var/www/html/yii/framework/web/CWebApplication.php(141): CWebApplication->runController()
#10 /var/www/html/yii/framework/base/CApplication.php(180): CWebApplication->processRequest()
#11 /var/www/html/DiogoProgramacao/InterativaCPII/index.php(13): CWebApplication->run()
REQUEST_URI=/DiogoProgramacao/InterativaCPII/index.php/post/create
in /var/www/html/DiogoProgramacao/InterativaCPII/protected/controllers/PostController.php (183)
in /var/www/html/DiogoProgramacao/InterativaCPII/protected/controllers/PostController.php (67)
in /var/www/html/DiogoProgramacao/InterativaCPII/index.php (13)
2014/06/17 23:24:13 [error] [php] Invalid argument supplied for foreach() (/var/www/html/yii/framework/web/helpers/CHtml.php:2325)
Stack trace:
#0 /var/www/html/yii/framework/web/CBaseController.php(126): require()
#1 /var/www/html/yii/framework/web/CBaseController.php(95): PostController->renderInternal()
#2 /var/www/html/yii/framework/web/CController.php(869): PostController->renderFile()
#3 /var/www/html/DiogoProgramacao/InterativaCPII/protected/views/post/create.php(18): PostController->renderPartial()
#4 /var/www/html/yii/framework/web/CBaseController.php(126): require()
#5 /var/www/html/yii/framework/web/CBaseController.php(95): PostController->renderInternal()
#6 /var/www/html/yii/framework/web/CController.php(869): PostController->renderFile()
#7 /var/www/html/yii/framework/web/CController.php(782): PostController->renderPartial()
#8 /var/www/html/DiogoProgramacao/InterativaCPII/protected/controllers/PostController.php(83): PostController->render()
#9 /var/www/html/yii/framework/web/actions/CInlineAction.php(49): PostController->actionCreate()
#10 /var/www/html/yii/framework/web/CController.php(308): CInlineAction->runWithParams()
#11 /var/www/html/yii/framework/web/filters/CFilterChain.php(133): PostController->runAction()
#12 /var/www/html/yii/framework/web/filters/CFilter.php(40): CFilterChain->run()
#13 /var/www/html/yii/framework/web/CController.php(1145): CAccessControlFilter->filter()
#14 /var/www/html/yii/framework/web/filters/CInlineFilter.php(58): PostController->filterAccessControl()
#15 /var/www/html/yii/framework/web/filters/CFilterChain.php(130): CInlineFilter->filter()
#16 /var/www/html/yii/framework/web/CController.php(291): CFilterChain->run()
#17 /var/www/html/yii/framework/web/CController.php(265): PostController->runActionWithFilters()
#18 /var/www/html/yii/framework/web/CWebApplication.php(282): PostController->run()
#19 /var/www/html/yii/framework/web/CWebApplication.php(141): CWebApplication->runController()
#20 /var/www/html/yii/framework/base/CApplication.php(180): CWebApplication->processRequest()
#21 /var/www/html/DiogoProgramacao/InterativaCPII/index.php(13): CWebApplication->run()
REQUEST_URI=/DiogoProgramacao/InterativaCPII/index.php/post/create
in /var/www/html/DiogoProgramacao/InterativaCPII/protected/views/post/_form.php (30)
in /var/www/html/DiogoProgramacao/InterativaCPII/protected/views/post/create.php (18)
in /var/www/html/DiogoProgramacao/InterativaCPII/protected/controllers/PostController.php (83)
2014/06/17 23:33:01 [error] [php] htmlspecialchars() expects parameter 1 to be string, array given (/var/www/html/yii/framework/web/helpers/CHtml.php:103)
Stack trace:
#0 /var/www/html/yii/framework/web/helpers/CHtml.php(158): renderAttributes()
#1 /var/www/html/yii/framework/web/helpers/CHtml.php(941): tag()
#2 /var/www/html/DiogoProgramacao/InterativaCPII/protected/views/post/_form.php(30): dropDownList()
#3 /var/www/html/yii/framework/web/CBaseController.php(126): require()
#4 /var/www/html/yii/framework/web/CBaseController.php(95): PostController->renderInternal()
#5 /var/www/html/yii/framework/web/CController.php(869): PostController->renderFile()
#6 /var/www/html/DiogoProgramacao/InterativaCPII/protected/views/post/create.php(18): PostController->renderPartial()
#7 /var/www/html/yii/framework/web/CBaseController.php(126): require()
#8 /var/www/html/yii/framework/web/CBaseController.php(95): PostController->renderInternal()
#9 /var/www/html/yii/framework/web/CController.php(869): PostController->renderFile()
#10 /var/www/html/yii/framework/web/CController.php(782): PostController->renderPartial()
#11 /var/www/html/DiogoProgramacao/InterativaCPII/protected/controllers/PostController.php(84): PostController->render()
#12 /var/www/html/yii/framework/web/actions/CInlineAction.php(49): PostController->actionCreate()
#13 /var/www/html/yii/framework/web/CController.php(308): CInlineAction->runWithParams()
#14 /var/www/html/yii/framework/web/filters/CFilterChain.php(133): PostController->runAction()
#15 /var/www/html/yii/framework/web/filters/CFilter.php(40): CFilterChain->run()
#16 /var/www/html/yii/framework/web/CController.php(1145): CAccessControlFilter->filter()
#17 /var/www/html/yii/framework/web/filters/CInlineFilter.php(58): PostController->filterAccessControl()
#18 /var/www/html/yii/framework/web/filters/CFilterChain.php(130): CInlineFilter->filter()
#19 /var/www/html/yii/framework/web/CController.php(291): CFilterChain->run()
#20 /var/www/html/yii/framework/web/CController.php(265): PostController->runActionWithFilters()
#21 /var/www/html/yii/framework/web/CWebApplication.php(282): PostController->run()
#22 /var/www/html/yii/framework/web/CWebApplication.php(141): CWebApplication->runController()
#23 /var/www/html/yii/framework/base/CApplication.php(180): CWebApplication->processRequest()
#24 /var/www/html/DiogoProgramacao/InterativaCPII/index.php(13): CWebApplication->run()
REQUEST_URI=/DiogoProgramacao/InterativaCPII/index.php/post/create
in /var/www/html/DiogoProgramacao/InterativaCPII/protected/views/post/_form.php (30)
in /var/www/html/DiogoProgramacao/InterativaCPII/protected/views/post/create.php (18)
in /var/www/html/DiogoProgramacao/InterativaCPII/protected/controllers/PostController.php (84)
2014/06/17 23:40:34 [error] [php] Illegal string offset 'id' (/var/www/html/DiogoProgramacao/InterativaCPII/protected/views/post/_form.php:31)
Stack trace:
#0 /var/www/html/yii/framework/web/CController.php(869): PostController->renderFile()
#1 /var/www/html/DiogoProgramacao/InterativaCPII/protected/views/post/create.php(18): PostController->renderPartial()
#2 /var/www/html/yii/framework/web/CBaseController.php(126): require()
#3 /var/www/html/yii/framework/web/CBaseController.php(95): PostController->renderInternal()
#4 /var/www/html/yii/framework/web/CController.php(869): PostController->renderFile()
#5 /var/www/html/yii/framework/web/CController.php(782): PostController->renderPartial()
#6 /var/www/html/DiogoProgramacao/InterativaCPII/protected/controllers/PostController.php(84): PostController->render()
#7 /var/www/html/yii/framework/web/actions/CInlineAction.php(49): PostController->actionCreate()
#8 /var/www/html/yii/framework/web/CController.php(308): CInlineAction->runWithParams()
#9 /var/www/html/yii/framework/web/filters/CFilterChain.php(133): PostController->runAction()
#10 /var/www/html/yii/framework/web/filters/CFilter.php(40): CFilterChain->run()
#11 /var/www/html/yii/framework/web/CController.php(1145): CAccessControlFilter->filter()
#12 /var/www/html/yii/framework/web/filters/CInlineFilter.php(58): PostController->filterAccessControl()
#13 /var/www/html/yii/framework/web/filters/CFilterChain.php(130): CInlineFilter->filter()
#14 /var/www/html/yii/framework/web/CController.php(291): CFilterChain->run()
#15 /var/www/html/yii/framework/web/CController.php(265): PostController->runActionWithFilters()
#16 /var/www/html/yii/framework/web/CWebApplication.php(282): PostController->run()
#17 /var/www/html/yii/framework/web/CWebApplication.php(141): CWebApplication->runController()
#18 /var/www/html/yii/framework/base/CApplication.php(180): CWebApplication->processRequest()
#19 /var/www/html/DiogoProgramacao/InterativaCPII/index.php(13): CWebApplication->run()
REQUEST_URI=/DiogoProgramacao/InterativaCPII/index.php/post/create
in /var/www/html/DiogoProgramacao/InterativaCPII/protected/views/post/_form.php (31)
in /var/www/html/DiogoProgramacao/InterativaCPII/protected/views/post/create.php (18)
in /var/www/html/DiogoProgramacao/InterativaCPII/protected/controllers/PostController.php (84)
2014/06/17 23:46:48 [error] [php] Undefined index: comboUsers (/var/www/html/DiogoProgramacao/InterativaCPII/protected/controllers/PostController.php:74)
Stack trace:
#0 /var/www/html/yii/framework/web/filters/CFilterChain.php(133): PostController->runAction()
#1 /var/www/html/yii/framework/web/filters/CFilter.php(40): CFilterChain->run()
#2 /var/www/html/yii/framework/web/CController.php(1145): CAccessControlFilter->filter()
#3 /var/www/html/yii/framework/web/filters/CInlineFilter.php(58): PostController->filterAccessControl()
#4 /var/www/html/yii/framework/web/filters/CFilterChain.php(130): CInlineFilter->filter()
#5 /var/www/html/yii/framework/web/CController.php(291): CFilterChain->run()
#6 /var/www/html/yii/framework/web/CController.php(265): PostController->runActionWithFilters()
#7 /var/www/html/yii/framework/web/CWebApplication.php(282): PostController->run()
#8 /var/www/html/yii/framework/web/CWebApplication.php(141): CWebApplication->runController()
#9 /var/www/html/yii/framework/base/CApplication.php(180): CWebApplication->processRequest()
#10 /var/www/html/DiogoProgramacao/InterativaCPII/index.php(13): CWebApplication->run()
REQUEST_URI=/DiogoProgramacao/InterativaCPII/index.php/post/create
in /var/www/html/DiogoProgramacao/InterativaCPII/protected/controllers/PostController.php (74)
in /var/www/html/DiogoProgramacao/InterativaCPII/index.php (13)
2014/06/17 23:47:44 [error] [php] Undefined index: comboUsers (/var/www/html/DiogoProgramacao/InterativaCPII/protected/controllers/PostController.php:74)
Stack trace:
#0 /var/www/html/yii/framework/web/filters/CFilterChain.php(133): PostController->runAction()
#1 /var/www/html/yii/framework/web/filters/CFilter.php(40): CFilterChain->run()
#2 /var/www/html/yii/framework/web/CController.php(1145): CAccessControlFilter->filter()
#3 /var/www/html/yii/framework/web/filters/CInlineFilter.php(58): PostController->filterAccessControl()
#4 /var/www/html/yii/framework/web/filters/CFilterChain.php(130): CInlineFilter->filter()
#5 /var/www/html/yii/framework/web/CController.php(291): CFilterChain->run()
#6 /var/www/html/yii/framework/web/CController.php(265): PostController->runActionWithFilters()
#7 /var/www/html/yii/framework/web/CWebApplication.php(282): PostController->run()
#8 /var/www/html/yii/framework/web/CWebApplication.php(141): CWebApplication->runController()
#9 /var/www/html/yii/framework/base/CApplication.php(180): CWebApplication->processRequest()
#10 /var/www/html/DiogoProgramacao/InterativaCPII/index.php(13): CWebApplication->run()
REQUEST_URI=/DiogoProgramacao/InterativaCPII/index.php/post/create
in /var/www/html/DiogoProgramacao/InterativaCPII/protected/controllers/PostController.php (74)
in /var/www/html/DiogoProgramacao/InterativaCPII/index.php (13)
2014/06/18 00:06:50 [error] [php] Undefined variable: users (/var/www/html/DiogoProgramacao/InterativaCPII/protected/views/post/_form.php:30)
Stack trace:
#0 /var/www/html/yii/framework/web/CController.php(869): PostController->renderFile()
#1 /var/www/html/DiogoProgramacao/InterativaCPII/protected/views/post/update.php(21): PostController->renderPartial()
#2 /var/www/html/yii/framework/web/CBaseController.php(126): require()
#3 /var/www/html/yii/framework/web/CBaseController.php(95): PostController->renderInternal()
#4 /var/www/html/yii/framework/web/CController.php(869): PostController->renderFile()
#5 /var/www/html/yii/framework/web/CController.php(782): PostController->renderPartial()
#6 /var/www/html/DiogoProgramacao/InterativaCPII/protected/controllers/PostController.php(108): PostController->render()
#7 unknown(0): PostController->actionUpdate()
#8 /var/www/html/yii/framework/web/actions/CAction.php(108): ReflectionMethod->invokeArgs()
#9 /var/www/html/yii/framework/web/actions/CInlineAction.php(47): CInlineAction->runWithParamsInternal()
#10 /var/www/html/yii/framework/web/CController.php(308): CInlineAction->runWithParams()
#11 /var/www/html/yii/framework/web/filters/CFilterChain.php(133): PostController->runAction()
#12 /var/www/html/yii/framework/web/filters/CFilter.php(40): CFilterChain->run()
#13 /var/www/html/yii/framework/web/CController.php(1145): CAccessControlFilter->filter()
#14 /var/www/html/yii/framework/web/filters/CInlineFilter.php(58): PostController->filterAccessControl()
#15 /var/www/html/yii/framework/web/filters/CFilterChain.php(130): CInlineFilter->filter()
#16 /var/www/html/yii/framework/web/CController.php(291): CFilterChain->run()
#17 /var/www/html/yii/framework/web/CController.php(265): PostController->runActionWithFilters()
#18 /var/www/html/yii/framework/web/CWebApplication.php(282): PostController->run()
#19 /var/www/html/yii/framework/web/CWebApplication.php(141): CWebApplication->runController()
#20 /var/www/html/yii/framework/base/CApplication.php(180): CWebApplication->processRequest()
#21 /var/www/html/DiogoProgramacao/InterativaCPII/index.php(13): CWebApplication->run()
REQUEST_URI=/DiogoProgramacao/InterativaCPII/index.php/post/update/8
in /var/www/html/DiogoProgramacao/InterativaCPII/protected/views/post/_form.php (30)
in /var/www/html/DiogoProgramacao/InterativaCPII/protected/views/post/update.php (21)
in /var/www/html/DiogoProgramacao/InterativaCPII/protected/controllers/PostController.php (108)
2014/06/18 00:08:32 [error] [exception.CException] exception 'CException' with message 'Property "User.0" is not defined.' in /var/www/html/yii/framework/base/CComponent.php:130
Stack trace:
#0 /var/www/html/yii/framework/db/ar/CActiveRecord.php(145): CComponent->__get('0')
#1 /var/www/html/yii/framework/base/CModel.php(596): CActiveRecord->__get('0')
#2 /var/www/html/DiogoProgramacao/InterativaCPII/protected/views/post/_form.php(31): CModel->offsetGet(0)
#3 /var/www/html/yii/framework/web/CBaseController.php(126): require('/var/www/html/D...')
#4 /var/www/html/yii/framework/web/CBaseController.php(95): CBaseController->renderInternal('/var/www/html/D...', Array, true)
#5 /var/www/html/yii/framework/web/CController.php(869): CBaseController->renderFile('/var/www/html/D...', Array, true)
#6 /var/www/html/DiogoProgramacao/InterativaCPII/protected/views/post/update.php(21): CController->renderPartial('_form', Array)
#7 /var/www/html/yii/framework/web/CBaseController.php(126): require('/var/www/html/D...')
#8 /var/www/html/yii/framework/web/CBaseController.php(95): CBaseController->renderInternal('/var/www/html/D...', Array, true)
#9 /var/www/html/yii/framework/web/CController.php(869): CBaseController->renderFile('/var/www/html/D...', Array, true)
#10 /var/www/html/yii/framework/web/CController.php(782): CController->renderPartial('update', Array, true)
#11 /var/www/html/DiogoProgramacao/InterativaCPII/protected/controllers/PostController.php(109): CController->render('update', Array)
#12 [internal function]: PostController->actionUpdate('8')
#13 /var/www/html/yii/framework/web/actions/CAction.php(108): ReflectionMethod->invokeArgs(Object(PostController), Array)
#14 /var/www/html/yii/framework/web/actions/CInlineAction.php(47): CAction->runWithParamsInternal(Object(PostController), Object(ReflectionMethod), Array)
#15 /var/www/html/yii/framework/web/CController.php(308): CInlineAction->runWithParams(Array)
#16 /var/www/html/yii/framework/web/filters/CFilterChain.php(133): CController->runAction(Object(CInlineAction))
#17 /var/www/html/yii/framework/web/filters/CFilter.php(40): CFilterChain->run()
#18 /var/www/html/yii/framework/web/CController.php(1145): CFilter->filter(Object(CFilterChain))
#19 /var/www/html/yii/framework/web/filters/CInlineFilter.php(58): CController->filterAccessControl(Object(CFilterChain))
#20 /var/www/html/yii/framework/web/filters/CFilterChain.php(130): CInlineFilter->filter(Object(CFilterChain))
#21 /var/www/html/yii/framework/web/CController.php(291): CFilterChain->run()
#22 /var/www/html/yii/framework/web/CController.php(265): CController->runActionWithFilters(Object(CInlineAction), Array)
#23 /var/www/html/yii/framework/web/CWebApplication.php(282): CController->run('update')
#24 /var/www/html/yii/framework/web/CWebApplication.php(141): CWebApplication->runController('post/update')
#25 /var/www/html/yii/framework/base/CApplication.php(180): CWebApplication->processRequest()
#26 /var/www/html/DiogoProgramacao/InterativaCPII/index.php(13): CApplication->run()
#27 {main}
REQUEST_URI=/DiogoProgramacao/InterativaCPII/index.php/post/update/8
---
2014/06/18 00:09:01 [error] [exception.CException] exception 'CException' with message 'Property "User.0" is not defined.' in /var/www/html/yii/framework/base/CComponent.php:130
Stack trace:
#0 /var/www/html/yii/framework/db/ar/CActiveRecord.php(145): CComponent->__get('0')
#1 /var/www/html/yii/framework/base/CModel.php(596): CActiveRecord->__get('0')
#2 /var/www/html/DiogoProgramacao/InterativaCPII/protected/views/post/_form.php(31): CModel->offsetGet(0)
#3 /var/www/html/yii/framework/web/CBaseController.php(126): require('/var/www/html/D...')
#4 /var/www/html/yii/framework/web/CBaseController.php(95): CBaseController->renderInternal('/var/www/html/D...', Array, true)
#5 /var/www/html/yii/framework/web/CController.php(869): CBaseController->renderFile('/var/www/html/D...', Array, true)
#6 /var/www/html/DiogoProgramacao/InterativaCPII/protected/views/post/update.php(21): CController->renderPartial('_form', Array)
#7 /var/www/html/yii/framework/web/CBaseController.php(126): require('/var/www/html/D...')
#8 /var/www/html/yii/framework/web/CBaseController.php(95): CBaseController->renderInternal('/var/www/html/D...', Array, true)
#9 /var/www/html/yii/framework/web/CController.php(869): CBaseController->renderFile('/var/www/html/D...', Array, true)
#10 /var/www/html/yii/framework/web/CController.php(782): CController->renderPartial('update', Array, true)
#11 /var/www/html/DiogoProgramacao/InterativaCPII/protected/controllers/PostController.php(109): CController->render('update', Array)
#12 [internal function]: PostController->actionUpdate('8')
#13 /var/www/html/yii/framework/web/actions/CAction.php(108): ReflectionMethod->invokeArgs(Object(PostController), Array)
#14 /var/www/html/yii/framework/web/actions/CInlineAction.php(47): CAction->runWithParamsInternal(Object(PostController), Object(ReflectionMethod), Array)
#15 /var/www/html/yii/framework/web/CController.php(308): CInlineAction->runWithParams(Array)
#16 /var/www/html/yii/framework/web/filters/CFilterChain.php(133): CController->runAction(Object(CInlineAction))
#17 /var/www/html/yii/framework/web/filters/CFilter.php(40): CFilterChain->run()
#18 /var/www/html/yii/framework/web/CController.php(1145): CFilter->filter(Object(CFilterChain))
#19 /var/www/html/yii/framework/web/filters/CInlineFilter.php(58): CController->filterAccessControl(Object(CFilterChain))
#20 /var/www/html/yii/framework/web/filters/CFilterChain.php(130): CInlineFilter->filter(Object(CFilterChain))
#21 /var/www/html/yii/framework/web/CController.php(291): CFilterChain->run()
#22 /var/www/html/yii/framework/web/CController.php(265): CController->runActionWithFilters(Object(CInlineAction), Array)
#23 /var/www/html/yii/framework/web/CWebApplication.php(282): CController->run('update')
#24 /var/www/html/yii/framework/web/CWebApplication.php(141): CWebApplication->runController('post/update')
#25 /var/www/html/yii/framework/base/CApplication.php(180): CWebApplication->processRequest()
#26 /var/www/html/DiogoProgramacao/InterativaCPII/index.php(13): CApplication->run()
#27 {main}
REQUEST_URI=/DiogoProgramacao/InterativaCPII/index.php/post/update/8
---
2014/06/18 00:11:03 [error] [exception.CException] exception 'CException' with message 'Property "User.0" is not defined.' in /var/www/html/yii/framework/base/CComponent.php:130
Stack trace:
#0 /var/www/html/yii/framework/db/ar/CActiveRecord.php(145): CComponent->__get('0')
#1 /var/www/html/yii/framework/base/CModel.php(596): CActiveRecord->__get('0')
#2 /var/www/html/DiogoProgramacao/InterativaCPII/protected/controllers/PostController.php(96): CModel->offsetGet(0)
#3 [internal function]: PostController->actionUpdate('8')
#4 /var/www/html/yii/framework/web/actions/CAction.php(108): ReflectionMethod->invokeArgs(Object(PostController), Array)
#5 /var/www/html/yii/framework/web/actions/CInlineAction.php(47): CAction->runWithParamsInternal(Object(PostController), Object(ReflectionMethod), Array)
#6 /var/www/html/yii/framework/web/CController.php(308): CInlineAction->runWithParams(Array)
#7 /var/www/html/yii/framework/web/filters/CFilterChain.php(133): CController->runAction(Object(CInlineAction))
#8 /var/www/html/yii/framework/web/filters/CFilter.php(40): CFilterChain->run()
#9 /var/www/html/yii/framework/web/CController.php(1145): CFilter->filter(Object(CFilterChain))
#10 /var/www/html/yii/framework/web/filters/CInlineFilter.php(58): CController->filterAccessControl(Object(CFilterChain))
#11 /var/www/html/yii/framework/web/filters/CFilterChain.php(130): CInlineFilter->filter(Object(CFilterChain))
#12 /var/www/html/yii/framework/web/CController.php(291): CFilterChain->run()
#13 /var/www/html/yii/framework/web/CController.php(265): CController->runActionWithFilters(Object(CInlineAction), Array)
#14 /var/www/html/yii/framework/web/CWebApplication.php(282): CController->run('update')
#15 /var/www/html/yii/framework/web/CWebApplication.php(141): CWebApplication->runController('post/update')
#16 /var/www/html/yii/framework/base/CApplication.php(180): CWebApplication->processRequest()
#17 /var/www/html/DiogoProgramacao/InterativaCPII/index.php(13): CApplication->run()
#18 {main}
REQUEST_URI=/DiogoProgramacao/InterativaCPII/index.php/post/update/8
---
2014/06/18 00:11:20 [error] [exception.CException] exception 'CException' with message 'Property "User.idUser" is not defined.' in /var/www/html/yii/framework/base/CComponent.php:130
Stack trace:
#0 /var/www/html/yii/framework/db/ar/CActiveRecord.php(145): CComponent->__get('idUser')
#1 /var/www/html/yii/framework/base/CModel.php(596): CActiveRecord->__get('idUser')
#2 /var/www/html/DiogoProgramacao/InterativaCPII/protected/controllers/PostController.php(96): CModel->offsetGet('idUser')
#3 [internal function]: PostController->actionUpdate('8')
#4 /var/www/html/yii/framework/web/actions/CAction.php(108): ReflectionMethod->invokeArgs(Object(PostController), Array)
#5 /var/www/html/yii/framework/web/actions/CInlineAction.php(47): CAction->runWithParamsInternal(Object(PostController), Object(ReflectionMethod), Array)
#6 /var/www/html/yii/framework/web/CController.php(308): CInlineAction->runWithParams(Array)
#7 /var/www/html/yii/framework/web/filters/CFilterChain.php(133): CController->runAction(Object(CInlineAction))
#8 /var/www/html/yii/framework/web/filters/CFilter.php(40): CFilterChain->run()
#9 /var/www/html/yii/framework/web/CController.php(1145): CFilter->filter(Object(CFilterChain))
#10 /var/www/html/yii/framework/web/filters/CInlineFilter.php(58): CController->filterAccessControl(Object(CFilterChain))
#11 /var/www/html/yii/framework/web/filters/CFilterChain.php(130): CInlineFilter->filter(Object(CFilterChain))
#12 /var/www/html/yii/framework/web/CController.php(291): CFilterChain->run()
#13 /var/www/html/yii/framework/web/CController.php(265): CController->runActionWithFilters(Object(CInlineAction), Array)
#14 /var/www/html/yii/framework/web/CWebApplication.php(282): CController->run('update')
#15 /var/www/html/yii/framework/web/CWebApplication.php(141): CWebApplication->runController('post/update')
#16 /var/www/html/yii/framework/base/CApplication.php(180): CWebApplication->processRequest()
#17 /var/www/html/DiogoProgramacao/InterativaCPII/index.php(13): CApplication->run()
#18 {main}
REQUEST_URI=/DiogoProgramacao/InterativaCPII/index.php/post/update/8
---
2014/06/18 00:12:04 [error] [php] json_decode() expects parameter 1 to be string, object given (/var/www/html/DiogoProgramacao/InterativaCPII/protected/controllers/PostController.php:96)
Stack trace:
#0 /var/www/html/yii/framework/web/actions/CAction.php(108): ReflectionMethod->invokeArgs()
#1 /var/www/html/yii/framework/web/actions/CInlineAction.php(47): CInlineAction->runWithParamsInternal()
#2 /var/www/html/yii/framework/web/CController.php(308): CInlineAction->runWithParams()
#3 /var/www/html/yii/framework/web/filters/CFilterChain.php(133): PostController->runAction()
#4 /var/www/html/yii/framework/web/filters/CFilter.php(40): CFilterChain->run()
#5 /var/www/html/yii/framework/web/CController.php(1145): CAccessControlFilter->filter()
#6 /var/www/html/yii/framework/web/filters/CInlineFilter.php(58): PostController->filterAccessControl()
#7 /var/www/html/yii/framework/web/filters/CFilterChain.php(130): CInlineFilter->filter()
#8 /var/www/html/yii/framework/web/CController.php(291): CFilterChain->run()
#9 /var/www/html/yii/framework/web/CController.php(265): PostController->runActionWithFilters()
#10 /var/www/html/yii/framework/web/CWebApplication.php(282): PostController->run()
#11 /var/www/html/yii/framework/web/CWebApplication.php(141): CWebApplication->runController()
#12 /var/www/html/yii/framework/base/CApplication.php(180): CWebApplication->processRequest()
#13 /var/www/html/DiogoProgramacao/InterativaCPII/index.php(13): CWebApplication->run()
REQUEST_URI=/DiogoProgramacao/InterativaCPII/index.php/post/update/8
in /var/www/html/DiogoProgramacao/InterativaCPII/protected/controllers/PostController.php (96)
in /var/www/html/DiogoProgramacao/InterativaCPII/index.php (13)
2014/06/18 00:13:04 [error] [exception.CException] exception 'CException' with message 'Property "User.idUser" is not defined.' in /var/www/html/yii/framework/base/CComponent.php:130
Stack trace:
#0 /var/www/html/yii/framework/db/ar/CActiveRecord.php(145): CComponent->__get('idUser')
#1 /var/www/html/yii/framework/base/CModel.php(596): CActiveRecord->__get('idUser')
#2 /var/www/html/DiogoProgramacao/InterativaCPII/protected/controllers/PostController.php(96): CModel->offsetGet('idUser')
#3 [internal function]: PostController->actionUpdate('8')
#4 /var/www/html/yii/framework/web/actions/CAction.php(108): ReflectionMethod->invokeArgs(Object(PostController), Array)
#5 /var/www/html/yii/framework/web/actions/CInlineAction.php(47): CAction->runWithParamsInternal(Object(PostController), Object(ReflectionMethod), Array)
#6 /var/www/html/yii/framework/web/CController.php(308): CInlineAction->runWithParams(Array)
#7 /var/www/html/yii/framework/web/filters/CFilterChain.php(133): CController->runAction(Object(CInlineAction))
#8 /var/www/html/yii/framework/web/filters/CFilter.php(40): CFilterChain->run()
#9 /var/www/html/yii/framework/web/CController.php(1145): CFilter->filter(Object(CFilterChain))
#10 /var/www/html/yii/framework/web/filters/CInlineFilter.php(58): CController->filterAccessControl(Object(CFilterChain))
#11 /var/www/html/yii/framework/web/filters/CFilterChain.php(130): CInlineFilter->filter(Object(CFilterChain))
#12 /var/www/html/yii/framework/web/CController.php(291): CFilterChain->run()
#13 /var/www/html/yii/framework/web/CController.php(265): CController->runActionWithFilters(Object(CInlineAction), Array)
#14 /var/www/html/yii/framework/web/CWebApplication.php(282): CController->run('update')
#15 /var/www/html/yii/framework/web/CWebApplication.php(141): CWebApplication->runController('post/update')
#16 /var/www/html/yii/framework/base/CApplication.php(180): CWebApplication->processRequest()
#17 /var/www/html/DiogoProgramacao/InterativaCPII/index.php(13): CApplication->run()
#18 {main}
REQUEST_URI=/DiogoProgramacao/InterativaCPII/index.php/post/update/8
---
2014/06/18 00:15:34 [error] [php] Undefined variable: data (/var/www/html/DiogoProgramacao/InterativaCPII/protected/views/post/view.php:21)
Stack trace:
#0 /var/www/html/yii/framework/web/CController.php(869): PostController->renderFile()
#1 /var/www/html/yii/framework/web/CController.php(782): PostController->renderPartial()
#2 /var/www/html/DiogoProgramacao/InterativaCPII/protected/controllers/PostController.php(56): PostController->render()
#3 unknown(0): PostController->actionView()
#4 /var/www/html/yii/framework/web/actions/CAction.php(108): ReflectionMethod->invokeArgs()
#5 /var/www/html/yii/framework/web/actions/CInlineAction.php(47): CInlineAction->runWithParamsInternal()
#6 /var/www/html/yii/framework/web/CController.php(308): CInlineAction->runWithParams()
#7 /var/www/html/yii/framework/web/filters/CFilterChain.php(133): PostController->runAction()
#8 /var/www/html/yii/framework/web/filters/CFilter.php(40): CFilterChain->run()
#9 /var/www/html/yii/framework/web/CController.php(1145): CAccessControlFilter->filter()
#10 /var/www/html/yii/framework/web/filters/CInlineFilter.php(58): PostController->filterAccessControl()
#11 /var/www/html/yii/framework/web/filters/CFilterChain.php(130): CInlineFilter->filter()
#12 /var/www/html/yii/framework/web/CController.php(291): CFilterChain->run()
#13 /var/www/html/yii/framework/web/CController.php(265): PostController->runActionWithFilters()
#14 /var/www/html/yii/framework/web/CWebApplication.php(282): PostController->run()
#15 /var/www/html/yii/framework/web/CWebApplication.php(141): CWebApplication->runController()
#16 /var/www/html/yii/framework/base/CApplication.php(180): CWebApplication->processRequest()
#17 /var/www/html/DiogoProgramacao/InterativaCPII/index.php(13): CWebApplication->run()
REQUEST_URI=/DiogoProgramacao/InterativaCPII/index.php/post/7
in /var/www/html/DiogoProgramacao/InterativaCPII/protected/views/post/view.php (21)
in /var/www/html/DiogoProgramacao/InterativaCPII/protected/controllers/PostController.php (56)
in /var/www/html/DiogoProgramacao/InterativaCPII/index.php (13)
2014/06/18 00:18:36 [error] [php] Use of undefined constant optionValue - assumed 'optionValue' (/var/www/html/DiogoProgramacao/InterativaCPII/protected/views/post/view.php:22)
Stack trace:
#0 /var/www/html/yii/framework/web/CController.php(869): PostController->renderFile()
#1 /var/www/html/yii/framework/web/CController.php(782): PostController->renderPartial()
#2 /var/www/html/DiogoProgramacao/InterativaCPII/protected/controllers/PostController.php(56): PostController->render()
#3 unknown(0): PostController->actionView()
#4 /var/www/html/yii/framework/web/actions/CAction.php(108): ReflectionMethod->invokeArgs()
#5 /var/www/html/yii/framework/web/actions/CInlineAction.php(47): CInlineAction->runWithParamsInternal()
#6 /var/www/html/yii/framework/web/CController.php(308): CInlineAction->runWithParams()
#7 /var/www/html/yii/framework/web/filters/CFilterChain.php(133): PostController->runAction()
#8 /var/www/html/yii/framework/web/filters/CFilter.php(40): CFilterChain->run()
#9 /var/www/html/yii/framework/web/CController.php(1145): CAccessControlFilter->filter()
#10 /var/www/html/yii/framework/web/filters/CInlineFilter.php(58): PostController->filterAccessControl()
#11 /var/www/html/yii/framework/web/filters/CFilterChain.php(130): CInlineFilter->filter()
#12 /var/www/html/yii/framework/web/CController.php(291): CFilterChain->run()
#13 /var/www/html/yii/framework/web/CController.php(265): PostController->runActionWithFilters()
#14 /var/www/html/yii/framework/web/CWebApplication.php(282): PostController->run()
#15 /var/www/html/yii/framework/web/CWebApplication.php(141): CWebApplication->runController()
#16 /var/www/html/yii/framework/base/CApplication.php(180): CWebApplication->processRequest()
#17 /var/www/html/DiogoProgramacao/InterativaCPII/index.php(13): CWebApplication->run()
REQUEST_URI=/DiogoProgramacao/InterativaCPII/index.php/post/7
in /var/www/html/DiogoProgramacao/InterativaCPII/protected/views/post/view.php (22)
in /var/www/html/DiogoProgramacao/InterativaCPII/protected/controllers/PostController.php (56)
in /var/www/html/DiogoProgramacao/InterativaCPII/index.php (13)
2014/06/18 00:50:59 [error] [php] Undefined variable: model (/var/www/html/DiogoProgramacao/InterativaCPII/protected/views/post/_view.php:9)
Stack trace:
#0 /var/www/html/yii/framework/zii/widgets/CListView.php(291): PostController->renderFile()
#1 /var/www/html/yii/framework/zii/widgets/CBaseListView.php(167): CListView->renderItems()
#2 unknown(0): CListView->renderSection()
#3 /var/www/html/yii/framework/zii/widgets/CBaseListView.php(150): preg_replace_callback()
#4 /var/www/html/yii/framework/zii/widgets/CBaseListView.php(135): CListView->renderContent()
#5 /var/www/html/yii/framework/web/CBaseController.php(173): CListView->run()
#6 /var/www/html/DiogoProgramacao/InterativaCPII/protected/views/post/index.php(18): PostController->widget()
#7 /var/www/html/yii/framework/web/CBaseController.php(126): require()
#8 /var/www/html/yii/framework/web/CBaseController.php(95): PostController->renderInternal()
#9 /var/www/html/yii/framework/web/CController.php(869): PostController->renderFile()
#10 /var/www/html/yii/framework/web/CController.php(782): PostController->renderPartial()
#11 /var/www/html/DiogoProgramacao/InterativaCPII/protected/controllers/PostController.php(134): PostController->render()
#12 /var/www/html/yii/framework/web/actions/CInlineAction.php(49): PostController->actionIndex()
#13 /var/www/html/yii/framework/web/CController.php(308): CInlineAction->runWithParams()
#14 /var/www/html/yii/framework/web/filters/CFilterChain.php(133): PostController->runAction()
#15 /var/www/html/yii/framework/web/filters/CFilter.php(40): CFilterChain->run()
#16 /var/www/html/yii/framework/web/CController.php(1145): CAccessControlFilter->filter()
#17 /var/www/html/yii/framework/web/filters/CInlineFilter.php(58): PostController->filterAccessControl()
#18 /var/www/html/yii/framework/web/filters/CFilterChain.php(130): CInlineFilter->filter()
#19 /var/www/html/yii/framework/web/CController.php(291): CFilterChain->run()
#20 /var/www/html/yii/framework/web/CController.php(265): PostController->runActionWithFilters()
#21 /var/www/html/yii/framework/web/CWebApplication.php(282): PostController->run()
#22 /var/www/html/yii/framework/web/CWebApplication.php(141): CWebApplication->runController()
#23 /var/www/html/yii/framework/base/CApplication.php(180): CWebApplication->processRequest()
#24 /var/www/html/DiogoProgramacao/InterativaCPII/index.php(13): CWebApplication->run()
REQUEST_URI=/DiogoProgramacao/InterativaCPII/index.php/post/
in /var/www/html/DiogoProgramacao/InterativaCPII/protected/views/post/_view.php (9)
in /var/www/html/DiogoProgramacao/InterativaCPII/protected/views/post/index.php (18)
in /var/www/html/DiogoProgramacao/InterativaCPII/protected/controllers/PostController.php (134)
2014/06/18 00:53:41 [error] [php] Undefined variable: model (/var/www/html/DiogoProgramacao/InterativaCPII/protected/views/post/_view.php:9)
Stack trace:
#0 /var/www/html/yii/framework/zii/widgets/CListView.php(291): PostController->renderFile()
#1 /var/www/html/yii/framework/zii/widgets/CBaseListView.php(167): CListView->renderItems()
#2 unknown(0): CListView->renderSection()
#3 /var/www/html/yii/framework/zii/widgets/CBaseListView.php(150): preg_replace_callback()
#4 /var/www/html/yii/framework/zii/widgets/CBaseListView.php(135): CListView->renderContent()
#5 /var/www/html/yii/framework/web/CBaseController.php(173): CListView->run()
#6 /var/www/html/DiogoProgramacao/InterativaCPII/protected/views/post/index.php(18): PostController->widget()
#7 /var/www/html/yii/framework/web/CBaseController.php(126): require()
#8 /var/www/html/yii/framework/web/CBaseController.php(95): PostController->renderInternal()
#9 /var/www/html/yii/framework/web/CController.php(869): PostController->renderFile()
#10 /var/www/html/yii/framework/web/CController.php(782): PostController->renderPartial()
#11 /var/www/html/DiogoProgramacao/InterativaCPII/protected/controllers/PostController.php(134): PostController->render()
#12 /var/www/html/yii/framework/web/actions/CInlineAction.php(49): PostController->actionIndex()
#13 /var/www/html/yii/framework/web/CController.php(308): CInlineAction->runWithParams()
#14 /var/www/html/yii/framework/web/filters/CFilterChain.php(133): PostController->runAction()
#15 /var/www/html/yii/framework/web/filters/CFilter.php(40): CFilterChain->run()
#16 /var/www/html/yii/framework/web/CController.php(1145): CAccessControlFilter->filter()
#17 /var/www/html/yii/framework/web/filters/CInlineFilter.php(58): PostController->filterAccessControl()
#18 /var/www/html/yii/framework/web/filters/CFilterChain.php(130): CInlineFilter->filter()
#19 /var/www/html/yii/framework/web/CController.php(291): CFilterChain->run()
#20 /var/www/html/yii/framework/web/CController.php(265): PostController->runActionWithFilters()
#21 /var/www/html/yii/framework/web/CWebApplication.php(282): PostController->run()
#22 /var/www/html/yii/framework/web/CWebApplication.php(141): CWebApplication->runController()
#23 /var/www/html/yii/framework/base/CApplication.php(180): CWebApplication->processRequest()
#24 /var/www/html/DiogoProgramacao/InterativaCPII/index.php(13): CWebApplication->run()
REQUEST_URI=/DiogoProgramacao/InterativaCPII/index.php/post/
in /var/www/html/DiogoProgramacao/InterativaCPII/protected/views/post/_view.php (9)
in /var/www/html/DiogoProgramacao/InterativaCPII/protected/views/post/index.php (18)
in /var/www/html/DiogoProgramacao/InterativaCPII/protected/controllers/PostController.php (134)
2014/06/18 21:49:13 [error] [php] include(CadastroUsuarios.php): failed to open stream: No such file or directory (/var/www/html/yii/framework/YiiBase.php:427)
Stack trace:
#0 /var/www/html/DiogoProgramacao/InterativaCPII/protected/components/UserIdentity.php(25): spl_autoload_call()
#1 /var/www/html/DiogoProgramacao/InterativaCPII/protected/models/LoginForm.php(52): UserIdentity->authenticate()
#2 /var/www/html/yii/framework/validators/CInlineValidator.php(42): LoginForm->authenticate()
#3 /var/www/html/yii/framework/validators/CValidator.php(213): CInlineValidator->validateAttribute()
#4 /var/www/html/yii/framework/base/CModel.php(159): CInlineValidator->validate()
#5 /var/www/html/DiogoProgramacao/InterativaCPII/protected/controllers/SiteController.php(94): LoginForm->validate()
#6 /var/www/html/yii/framework/web/actions/CInlineAction.php(49): SiteController->actionLogin()
#7 /var/www/html/yii/framework/web/CController.php(308): CInlineAction->runWithParams()
#8 /var/www/html/yii/framework/web/CController.php(286): SiteController->runAction()
#9 /var/www/html/yii/framework/web/CController.php(265): SiteController->runActionWithFilters()
#10 /var/www/html/yii/framework/web/CWebApplication.php(282): SiteController->run()
#11 /var/www/html/yii/framework/web/CWebApplication.php(141): CWebApplication->runController()
#12 /var/www/html/yii/framework/base/CApplication.php(180): CWebApplication->processRequest()
#13 /var/www/html/DiogoProgramacao/InterativaCPII/index.php(13): CWebApplication->run()
REQUEST_URI=/DiogoProgramacao/InterativaCPII/index.php/site/login
in /var/www/html/DiogoProgramacao/InterativaCPII/protected/components/UserIdentity.php (25)
in /var/www/html/DiogoProgramacao/InterativaCPII/protected/models/LoginForm.php (52)
in /var/www/html/DiogoProgramacao/InterativaCPII/protected/controllers/SiteController.php (94)
2014/06/18 21:49:33 [error] [exception.CDbException] exception 'CDbException' with message 'Table "User" does not have a column named "username".' in /var/www/html/yii/framework/db/schema/CDbCommandBuilder.php:694
Stack trace:
#0 /var/www/html/yii/framework/db/ar/CActiveRecord.php(1518): CDbCommandBuilder->createColumnCriteria(Object(CMysqlTableSchema), Array, '', Array, '`t`.')
#1 /var/www/html/DiogoProgramacao/InterativaCPII/protected/components/UserIdentity.php(25): CActiveRecord->findByAttributes(Array)
#2 /var/www/html/DiogoProgramacao/InterativaCPII/protected/models/LoginForm.php(52): UserIdentity->authenticate()
#3 /var/www/html/yii/framework/validators/CInlineValidator.php(42): LoginForm->authenticate('password', Array)
#4 /var/www/html/yii/framework/validators/CValidator.php(213): CInlineValidator->validateAttribute(Object(LoginForm), 'password')
#5 /var/www/html/yii/framework/base/CModel.php(159): CValidator->validate(Object(LoginForm), NULL)
#6 /var/www/html/DiogoProgramacao/InterativaCPII/protected/controllers/SiteController.php(94): CModel->validate()
#7 /var/www/html/yii/framework/web/actions/CInlineAction.php(49): SiteController->actionLogin()
#8 /var/www/html/yii/framework/web/CController.php(308): CInlineAction->runWithParams(Array)
#9 /var/www/html/yii/framework/web/CController.php(286): CController->runAction(Object(CInlineAction))
#10 /var/www/html/yii/framework/web/CController.php(265): CController->runActionWithFilters(Object(CInlineAction), Array)
#11 /var/www/html/yii/framework/web/CWebApplication.php(282): CController->run('login')
#12 /var/www/html/yii/framework/web/CWebApplication.php(141): CWebApplication->runController('site/login')
#13 /var/www/html/yii/framework/base/CApplication.php(180): CWebApplication->processRequest()
#14 /var/www/html/DiogoProgramacao/InterativaCPII/index.php(13): CApplication->run()
#15 {main}
REQUEST_URI=/DiogoProgramacao/InterativaCPII/index.php/site/login
HTTP_REFERER=http://localhost/DiogoProgramacao/InterativaCPII/index.php/site/login
---
2014/06/18 21:52:47 [error] [exception.CDbException] exception 'CDbException' with message 'Table "User" does not have a column named "username".' in /var/www/html/yii/framework/db/schema/CDbCommandBuilder.php:694
Stack trace:
#0 /var/www/html/yii/framework/db/ar/CActiveRecord.php(1518): CDbCommandBuilder->createColumnCriteria(Object(CMysqlTableSchema), Array, '', Array, '`t`.')
#1 /var/www/html/DiogoProgramacao/InterativaCPII/protected/components/UserIdentity.php(24): CActiveRecord->findByAttributes(Array)
#2 /var/www/html/DiogoProgramacao/InterativaCPII/protected/models/LoginForm.php(52): UserIdentity->authenticate()
#3 /var/www/html/yii/framework/validators/CInlineValidator.php(42): LoginForm->authenticate('password', Array)
#4 /var/www/html/yii/framework/validators/CValidator.php(213): CInlineValidator->validateAttribute(Object(LoginForm), 'password')
#5 /var/www/html/yii/framework/base/CModel.php(159): CValidator->validate(Object(LoginForm), NULL)
#6 /var/www/html/DiogoProgramacao/InterativaCPII/protected/controllers/SiteController.php(94): CModel->validate()
#7 /var/www/html/yii/framework/web/actions/CInlineAction.php(49): SiteController->actionLogin()
#8 /var/www/html/yii/framework/web/CController.php(308): CInlineAction->runWithParams(Array)
#9 /var/www/html/yii/framework/web/CController.php(286): CController->runAction(Object(CInlineAction))
#10 /var/www/html/yii/framework/web/CController.php(265): CController->runActionWithFilters(Object(CInlineAction), Array)
#11 /var/www/html/yii/framework/web/CWebApplication.php(282): CController->run('login')
#12 /var/www/html/yii/framework/web/CWebApplication.php(141): CWebApplication->runController('site/login')
#13 /var/www/html/yii/framework/base/CApplication.php(180): CWebApplication->processRequest()
#14 /var/www/html/DiogoProgramacao/InterativaCPII/index.php(13): CApplication->run()
#15 {main}
REQUEST_URI=/DiogoProgramacao/InterativaCPII/index.php/site/login
HTTP_REFERER=http://localhost/DiogoProgramacao/InterativaCPII/index.php/site/login
---
2014/06/18 21:55:26 [error] [exception.CException] exception 'CException' with message 'Property "UserIdentity.id" is read only.' in /var/www/html/yii/framework/base/CComponent.php:170
Stack trace:
#0 /var/www/html/DiogoProgramacao/InterativaCPII/protected/components/UserIdentity.php(30): CComponent->__set('id', '3')
#1 /var/www/html/DiogoProgramacao/InterativaCPII/protected/models/LoginForm.php(52): UserIdentity->authenticate()
#2 /var/www/html/yii/framework/validators/CInlineValidator.php(42): LoginForm->authenticate('password', Array)
#3 /var/www/html/yii/framework/validators/CValidator.php(213): CInlineValidator->validateAttribute(Object(LoginForm), 'password')
#4 /var/www/html/yii/framework/base/CModel.php(159): CValidator->validate(Object(LoginForm), NULL)
#5 /var/www/html/DiogoProgramacao/InterativaCPII/protected/controllers/SiteController.php(94): CModel->validate()
#6 /var/www/html/yii/framework/web/actions/CInlineAction.php(49): SiteController->actionLogin()
#7 /var/www/html/yii/framework/web/CController.php(308): CInlineAction->runWithParams(Array)
#8 /var/www/html/yii/framework/web/CController.php(286): CController->runAction(Object(CInlineAction))
#9 /var/www/html/yii/framework/web/CController.php(265): CController->runActionWithFilters(Object(CInlineAction), Array)
#10 /var/www/html/yii/framework/web/CWebApplication.php(282): CController->run('login')
#11 /var/www/html/yii/framework/web/CWebApplication.php(141): CWebApplication->runController('site/login')
#12 /var/www/html/yii/framework/base/CApplication.php(180): CWebApplication->processRequest()
#13 /var/www/html/DiogoProgramacao/InterativaCPII/index.php(13): CApplication->run()
#14 {main}
REQUEST_URI=/DiogoProgramacao/InterativaCPII/index.php/site/login
HTTP_REFERER=http://localhost/DiogoProgramacao/InterativaCPII/index.php/site/login
---
2014/06/18 22:43:39 [error] [exception.CHttpException.404] exception 'CHttpException' with message 'Unable to resolve the request "]post".' in /var/www/html/yii/framework/web/CWebApplication.php:286
Stack trace:
#0 /var/www/html/yii/framework/web/CWebApplication.php(141): CWebApplication->runController(']post')
#1 /var/www/html/yii/framework/base/CApplication.php(180): CWebApplication->processRequest()
#2 /var/www/html/DiogoProgramacao/InterativaCPII/index.php(13): CApplication->run()
#3 {main}
REQUEST_URI=/DiogoProgramacao/InterativaCPII/index.php/%5Dpost/
---
2014/06/20 01:56:29 [error] [exception.CHttpException.404] exception 'CHttpException' with message 'The system is unable to find the requested action "about".' in /var/www/html/yii/framework/web/CController.php:483
Stack trace:
#0 /var/www/html/yii/framework/web/CController.php(270): CController->missingAction('about')
#1 /var/www/html/yii/framework/web/CWebApplication.php(282): CController->run('about')
#2 /var/www/html/yii/framework/web/CWebApplication.php(141): CWebApplication->runController('site/about')
#3 /var/www/html/yii/framework/base/CApplication.php(180): CWebApplication->processRequest()
#4 /var/www/html/DiogoProgramacao/InterativaCPII/index.php(13): CApplication->run()
#5 {main}
REQUEST_URI=/DiogoProgramacao/InterativaCPII/index.php/site/about
---
2014/06/20 01:58:06 [error] [exception.CHttpException.404] exception 'CHttpException' with message 'Unable to resolve the request "admin".' in /var/www/html/yii/framework/web/CWebApplication.php:286
Stack trace:
#0 /var/www/html/yii/framework/web/CWebApplication.php(141): CWebApplication->runController('admin')
#1 /var/www/html/yii/framework/base/CApplication.php(180): CWebApplication->processRequest()
#2 /var/www/html/DiogoProgramacao/InterativaCPII/index.php(13): CApplication->run()
#3 {main}
REQUEST_URI=/DiogoProgramacao/InterativaCPII/index.php/admin
---
2014/06/20 02:41:27 [warning] [application] Failed to set unsafe attribute "files" of "Post".
in /var/www/html/DiogoProgramacao/InterativaCPII/protected/controllers/PostController.php (74)
in /var/www/html/DiogoProgramacao/InterativaCPII/index.php (13)
2014/06/20 02:43:59 [warning] [application] Failed to set unsafe attribute "0" of "Post".
in /var/www/html/DiogoProgramacao/InterativaCPII/protected/controllers/PostController.php (74)
in /var/www/html/DiogoProgramacao/InterativaCPII/index.php (13)
2014/06/20 02:44:51 [warning] [application] Failed to set unsafe attribute "0" of "Post".
in /var/www/html/DiogoProgramacao/InterativaCPII/protected/controllers/PostController.php (75)
in /var/www/html/DiogoProgramacao/InterativaCPII/index.php (13)
2014/06/20 02:48:50 [warning] [application] Failed to set unsafe attribute "0" of "Post".
in /var/www/html/DiogoProgramacao/InterativaCPII/protected/controllers/PostController.php (75)
in /var/www/html/DiogoProgramacao/InterativaCPII/index.php (13)
2014/06/20 02:48:50 [error] [php] Missing argument 1 for CUploadedFile::__construct(), called in /var/www/html/DiogoProgramacao/InterativaCPII/protected/controllers/PostController.php on line 193 and defined (/var/www/html/yii/framework/web/CUploadedFile.php:164)
Stack trace:
#0 /var/www/html/yii/framework/web/actions/CInlineAction.php(49): PostController->actionCreate()
#1 /var/www/html/yii/framework/web/CController.php(308): CInlineAction->runWithParams()
#2 /var/www/html/yii/framework/web/filters/CFilterChain.php(133): PostController->runAction()
#3 /var/www/html/yii/framework/web/filters/CFilter.php(40): CFilterChain->run()
#4 /var/www/html/yii/framework/web/CController.php(1145): CAccessControlFilter->filter()
#5 /var/www/html/yii/framework/web/filters/CInlineFilter.php(58): PostController->filterAccessControl()
#6 /var/www/html/yii/framework/web/filters/CFilterChain.php(130): CInlineFilter->filter()
#7 /var/www/html/yii/framework/web/CController.php(291): CFilterChain->run()
#8 /var/www/html/yii/framework/web/CController.php(265): PostController->runActionWithFilters()
#9 /var/www/html/yii/framework/web/CWebApplication.php(282): PostController->run()
#10 /var/www/html/yii/framework/web/CWebApplication.php(141): CWebApplication->runController()
#11 /var/www/html/yii/framework/base/CApplication.php(180): CWebApplication->processRequest()
#12 /var/www/html/DiogoProgramacao/InterativaCPII/index.php(13): CWebApplication->run()
REQUEST_URI=/DiogoProgramacao/InterativaCPII/index.php/post/create
in /var/www/html/DiogoProgramacao/InterativaCPII/protected/controllers/PostController.php (193)
in /var/www/html/DiogoProgramacao/InterativaCPII/protected/controllers/PostController.php (78)
in /var/www/html/DiogoProgramacao/InterativaCPII/index.php (13)
2014/06/20 02:50:17 [warning] [application] Failed to set unsafe attribute "0" of "Post".
in /var/www/html/DiogoProgramacao/InterativaCPII/protected/controllers/PostController.php (75)
in /var/www/html/DiogoProgramacao/InterativaCPII/index.php (13)
2014/06/20 02:51:06 [warning] [application] Failed to set unsafe attribute "0" of "Post".
in /var/www/html/DiogoProgramacao/InterativaCPII/protected/controllers/PostController.php (75)
in /var/www/html/DiogoProgramacao/InterativaCPII/index.php (13)
2014/06/20 02:54:58 [warning] [application] Failed to set unsafe attribute "binaryImage" of "Post".
in /var/www/html/DiogoProgramacao/InterativaCPII/protected/controllers/PostController.php (75)
in /var/www/html/DiogoProgramacao/InterativaCPII/index.php (13)
2014/06/20 02:55:59 [warning] [application] Failed to set unsafe attribute "binaryImage" of "Post".
in /var/www/html/DiogoProgramacao/InterativaCPII/protected/controllers/PostController.php (75)
in /var/www/html/DiogoProgramacao/InterativaCPII/index.php (13)
2014/06/20 02:56:18 [error] [exception.CHttpException.403] exception 'CHttpException' with message 'You are not authorized to perform this action.' in /var/www/html/yii/framework/web/auth/CAccessControlFilter.php:182
Stack trace:
#0 /var/www/html/yii/framework/web/auth/CAccessControlFilter.php(145): CAccessControlFilter->accessDenied(Object(CWebUser), 'You are not aut...')
#1 /var/www/html/yii/framework/web/filters/CFilter.php(38): CAccessControlFilter->preFilter(Object(CFilterChain))
#2 /var/www/html/yii/framework/web/CController.php(1145): CFilter->filter(Object(CFilterChain))
#3 /var/www/html/yii/framework/web/filters/CInlineFilter.php(58): CController->filterAccessControl(Object(CFilterChain))
#4 /var/www/html/yii/framework/web/filters/CFilterChain.php(130): CInlineFilter->filter(Object(CFilterChain))
#5 /var/www/html/yii/framework/web/CController.php(291): CFilterChain->run()
#6 /var/www/html/yii/framework/web/CController.php(265): CController->runActionWithFilters(Object(CInlineAction), Array)
#7 /var/www/html/yii/framework/web/CWebApplication.php(282): CController->run('admin')
#8 /var/www/html/yii/framework/web/CWebApplication.php(141): CWebApplication->runController('post/admin')
#9 /var/www/html/yii/framework/base/CApplication.php(180): CWebApplication->processRequest()
#10 /var/www/html/DiogoProgramacao/InterativaCPII/index.php(13): CApplication->run()
#11 {main}
REQUEST_URI=/DiogoProgramacao/InterativaCPII/index.php/post/admin
---
