2014/06/20 22:28:46 [error] [exception.CHttpException.404] exception 'CHttpException' with message 'Unable to resolve the request "site".' in /var/www/html/yii/framework/web/CWebApplication.php:286
Stack trace:
#0 /var/www/html/yii/framework/web/CWebApplication.php(141): CWebApplication->runController('')
#1 /var/www/html/yii/framework/base/CApplication.php(180): CWebApplication->processRequest()
#2 /var/www/html/DiogoProgramacao/InterativaCPII/index.php(13): CApplication->run()
#3 {main}
REQUEST_URI=/DiogoProgramacao/InterativaCPII/
---
2014/06/20 22:30:23 [error] [exception.CHttpException.404] exception 'CHttpException' with message 'Unable to resolve the request "site".' in /var/www/html/yii/framework/web/CWebApplication.php:286
Stack trace:
#0 /var/www/html/yii/framework/web/CWebApplication.php(141): CWebApplication->runController('')
#1 /var/www/html/yii/framework/base/CApplication.php(180): CWebApplication->processRequest()
#2 /var/www/html/DiogoProgramacao/InterativaCPII/index.php(13): CApplication->run()
#3 {main}
REQUEST_URI=/DiogoProgramacao/InterativaCPII/
---
2014/06/20 22:30:25 [error] [exception.CHttpException.404] exception 'CHttpException' with message 'Unable to resolve the request "site".' in /var/www/html/yii/framework/web/CWebApplication.php:286
Stack trace:
#0 /var/www/html/yii/framework/web/CWebApplication.php(141): CWebApplication->runController('')
#1 /var/www/html/yii/framework/base/CApplication.php(180): CWebApplication->processRequest()
#2 /var/www/html/DiogoProgramacao/InterativaCPII/index.php(13): CApplication->run()
#3 {main}
REQUEST_URI=/DiogoProgramacao/InterativaCPII/
---
2014/06/20 22:30:25 [error] [exception.CHttpException.404] exception 'CHttpException' with message 'Unable to resolve the request "site".' in /var/www/html/yii/framework/web/CWebApplication.php:286
Stack trace:
#0 /var/www/html/yii/framework/web/CWebApplication.php(141): CWebApplication->runController('')
#1 /var/www/html/yii/framework/base/CApplication.php(180): CWebApplication->processRequest()
#2 /var/www/html/DiogoProgramacao/InterativaCPII/index.php(13): CApplication->run()
#3 {main}
REQUEST_URI=/DiogoProgramacao/InterativaCPII/
---
